SF:/home/hsin4/myproject/typelang-hm-rs/src/ast.rs
FN:135,_RNCNvXNtCs2uvitLWOfC0_8typelang3astNtB4_4ExprNtNtCs7sLWcwAdHqg_4core3fmt7Display3fmt0B6_
FN:139,_RNCNvXNtCs2uvitLWOfC0_8typelang3astNtB4_4ExprNtNtCs7sLWcwAdHqg_4core3fmt7Display3fmts_0B6_
FN:126,_RNvXNtCs2uvitLWOfC0_8typelang3astNtB2_4ExprNtNtCs7sLWcwAdHqg_4core3fmt7Display3fmt
FN:135,_RNCNvXNtCsdipHdHAMW8K_8typelang3astNtB4_4ExprNtNtCs7sLWcwAdHqg_4core3fmt7Display3fmt0B6_
FN:139,_RNCNvXNtCsdipHdHAMW8K_8typelang3astNtB4_4ExprNtNtCs7sLWcwAdHqg_4core3fmt7Display3fmts_0B6_
FN:126,_RNvXNtCsdipHdHAMW8K_8typelang3astNtB2_4ExprNtNtCs7sLWcwAdHqg_4core3fmt7Display3fmt
FNDA:0,_RNCNvXNtCs2uvitLWOfC0_8typelang3astNtB4_4ExprNtNtCs7sLWcwAdHqg_4core3fmt7Display3fmt0B6_
FNDA:0,_RNCNvXNtCs2uvitLWOfC0_8typelang3astNtB4_4ExprNtNtCs7sLWcwAdHqg_4core3fmt7Display3fmts_0B6_
FNDA:25,_RNvXNtCs2uvitLWOfC0_8typelang3astNtB2_4ExprNtNtCs7sLWcwAdHqg_4core3fmt7Display3fmt
FNDA:0,_RNCNvXNtCsdipHdHAMW8K_8typelang3astNtB4_4ExprNtNtCs7sLWcwAdHqg_4core3fmt7Display3fmt0B6_
FNDA:0,_RNCNvXNtCsdipHdHAMW8K_8typelang3astNtB4_4ExprNtNtCs7sLWcwAdHqg_4core3fmt7Display3fmts_0B6_
FNDA:0,_RNvXNtCsdipHdHAMW8K_8typelang3astNtB2_4ExprNtNtCs7sLWcwAdHqg_4core3fmt7Display3fmt
FNF:3
FNH:1
DA:126,25
DA:127,25
DA:128,5
DA:129,11
DA:130,0
DA:131,0
DA:132,0
DA:133,0
DA:134,0
DA:135,0
DA:136,0
DA:138,0
DA:139,0
DA:140,0
DA:142,0
DA:143,1
DA:144,1
DA:145,3
DA:146,2
DA:147,1
DA:148,1
DA:149,1
DA:150,1
DA:152,1
DA:155,0
DA:156,0
DA:157,0
DA:159,0
DA:161,2
DA:162,6
DA:163,0
DA:165,25
BRDA:133,0,0,-
BRDA:133,0,1,-
BRDA:146,0,0,1
BRDA:146,0,1,1
BRF:4
BRH:2
LF:34
LH:16
end_of_record
SF:/home/hsin4/myproject/typelang-hm-rs/src/bin/typelang.rs
FN:6,_RNvCshOf6X9cTZ2A_13typelang_repl4main
FN:6,_RNvCs1VlPVPGcXJo_13typelang_repl4main
FNDA:0,_RNvCshOf6X9cTZ2A_13typelang_repl4main
FNDA:0,_RNvCs1VlPVPGcXJo_13typelang_repl4main
FNF:1
FNH:0
DA:6,0
DA:7,0
DA:8,0
BRF:0
BRH:0
LF:3
LH:0
end_of_record
SF:/home/hsin4/myproject/typelang-hm-rs/src/errors.rs
FN:56,_RINvMNtCs2uvitLWOfC0_8typelang6errorsNtB3_9ErrorInfo12with_snippetReECsVlnQd8J0n2_6errors
FN:56,_RINvMNtCs2uvitLWOfC0_8typelang6errorsNtB3_9ErrorInfo12with_snippetNtNtCsbz1uUYW1aEc_5alloc6string6StringEB5_
FN:39,_RINvMNtCs2uvitLWOfC0_8typelang6errorsNtB3_9ErrorInfo2atNtNtCsbz1uUYW1aEc_5alloc6string6StringEB5_
FN:39,_RINvMNtCs2uvitLWOfC0_8typelang6errorsNtB3_9ErrorInfo2atReEB5_
FN:28,_RINvMNtCs2uvitLWOfC0_8typelang6errorsNtB3_9ErrorInfo3newNtNtCsbz1uUYW1aEc_5alloc6string6StringEB5_
FN:28,_RINvMNtCs2uvitLWOfC0_8typelang6errorsNtB3_9ErrorInfo3newReEB5_
FN:112,_RINvMs0_NtCs2uvitLWOfC0_8typelang6errorsNtB6_10LexerError15at_with_snippetNtNtCsbz1uUYW1aEc_5alloc6string6StringB1a_EB8_
FN:112,_RINvMs0_NtCs2uvitLWOfC0_8typelang6errorsNtB6_10LexerError15at_with_snippetReNtNtCsbz1uUYW1aEc_5alloc6string6StringEB8_
FN:134,_RINvMs1_NtCs2uvitLWOfC0_8typelang6errorsNtB6_10ParseError2atNtNtCsbz1uUYW1aEc_5alloc6string6StringEB8_
FN:134,_RINvMs1_NtCs2uvitLWOfC0_8typelang6errorsNtB6_10ParseError2atReEB8_
FN:130,_RINvMs1_NtCs2uvitLWOfC0_8typelang6errorsNtB6_10ParseError3newNtNtCsbz1uUYW1aEc_5alloc6string6StringEB8_
FN:130,_RINvMs1_NtCs2uvitLWOfC0_8typelang6errorsNtB6_10ParseError3newReEB8_
FN:151,_RINvMs2_NtCs2uvitLWOfC0_8typelang6errorsNtB6_9TypeError3newNtNtCsbz1uUYW1aEc_5alloc6string6StringEB8_
FN:183,_RINvMs3_NtCs2uvitLWOfC0_8typelang6errorsNtB6_9EvalError3newNtNtCsbz1uUYW1aEc_5alloc6string6StringEB8_
FN:183,_RINvMs3_NtCs2uvitLWOfC0_8typelang6errorsNtB6_9EvalError3newReEB8_
FN:201,_RNvXs4_NtCs2uvitLWOfC0_8typelang6errorsNtB5_10LexerErrorNtNtCs7sLWcwAdHqg_4core3fmt7Display3fmt
FN:210,_RNvXs6_NtCs2uvitLWOfC0_8typelang6errorsNtB5_10ParseErrorNtNtCs7sLWcwAdHqg_4core3fmt7Display3fmt
FN:219,_RNvXs8_NtCs2uvitLWOfC0_8typelang6errorsNtB5_9TypeErrorNtNtCs7sLWcwAdHqg_4core3fmt7Display3fmt
FN:65,_RNvXs_NtCs2uvitLWOfC0_8typelang6errorsNtB4_9ErrorInfoNtNtCs7sLWcwAdHqg_4core3fmt7Display3fmt
FN:228,_RNvXsa_NtCs2uvitLWOfC0_8typelang6errorsNtB5_9EvalErrorNtNtCs7sLWcwAdHqg_4core3fmt7Display3fmt
FN:56,_RINvMNtCsdipHdHAMW8K_8typelang6errorsNtB3_9ErrorInfo12with_snippetNtNtCsbz1uUYW1aEc_5alloc6string6StringEB5_
FN:39,_RINvMNtCsdipHdHAMW8K_8typelang6errorsNtB3_9ErrorInfo2atNtNtCsbz1uUYW1aEc_5alloc6string6StringEB5_
FN:39,_RINvMNtCsdipHdHAMW8K_8typelang6errorsNtB3_9ErrorInfo2atReEB5_
FN:28,_RINvMNtCsdipHdHAMW8K_8typelang6errorsNtB3_9ErrorInfo3newNtNtCsbz1uUYW1aEc_5alloc6string6StringEB5_
FN:28,_RINvMNtCsdipHdHAMW8K_8typelang6errorsNtB3_9ErrorInfo3newReEB5_
FN:112,_RINvMs0_NtCsdipHdHAMW8K_8typelang6errorsNtB6_10LexerError15at_with_snippetNtNtCsbz1uUYW1aEc_5alloc6string6StringB1a_EB8_
FN:112,_RINvMs0_NtCsdipHdHAMW8K_8typelang6errorsNtB6_10LexerError15at_with_snippetReNtNtCsbz1uUYW1aEc_5alloc6string6StringEB8_
FN:134,_RINvMs1_NtCsdipHdHAMW8K_8typelang6errorsNtB6_10ParseError2atNtNtCsbz1uUYW1aEc_5alloc6string6StringEB8_
FN:134,_RINvMs1_NtCsdipHdHAMW8K_8typelang6errorsNtB6_10ParseError2atReEB8_
FN:130,_RINvMs1_NtCsdipHdHAMW8K_8typelang6errorsNtB6_10ParseError3newNtNtCsbz1uUYW1aEc_5alloc6string6StringEB8_
FN:130,_RINvMs1_NtCsdipHdHAMW8K_8typelang6errorsNtB6_10ParseError3newReEB8_
FN:151,_RINvMs2_NtCsdipHdHAMW8K_8typelang6errorsNtB6_9TypeError3newNtNtCsbz1uUYW1aEc_5alloc6string6StringEB8_
FN:183,_RINvMs3_NtCsdipHdHAMW8K_8typelang6errorsNtB6_9EvalError3newNtNtCsbz1uUYW1aEc_5alloc6string6StringEB8_
FN:183,_RINvMs3_NtCsdipHdHAMW8K_8typelang6errorsNtB6_9EvalError3newReEB8_
FN:102,_RINvMs0_NtCsdipHdHAMW8K_8typelang6errorsNtB6_10LexerError2atpEB8_
FN:98,_RINvMs0_NtCsdipHdHAMW8K_8typelang6errorsNtB6_10LexerError3newpEB8_
FN:165,_RINvMs2_NtCsdipHdHAMW8K_8typelang6errorsNtB6_9TypeError15at_with_snippetppEB8_
FN:155,_RINvMs2_NtCsdipHdHAMW8K_8typelang6errorsNtB6_9TypeError2atpEB8_
FN:187,_RINvMs3_NtCsdipHdHAMW8K_8typelang6errorsNtB6_9EvalError2atpEB8_
FN:219,_RNvXs8_NtCsdipHdHAMW8K_8typelang6errorsNtB5_9TypeErrorNtNtCs7sLWcwAdHqg_4core3fmt7Display3fmt
FN:201,_RNvXs4_NtCsdipHdHAMW8K_8typelang6errorsNtB5_10LexerErrorNtNtCs7sLWcwAdHqg_4core3fmt7Display3fmt
FN:210,_RNvXs6_NtCsdipHdHAMW8K_8typelang6errorsNtB5_10ParseErrorNtNtCs7sLWcwAdHqg_4core3fmt7Display3fmt
FN:65,_RNvXs_NtCsdipHdHAMW8K_8typelang6errorsNtB4_9ErrorInfoNtNtCs7sLWcwAdHqg_4core3fmt7Display3fmt
FN:228,_RNvXsa_NtCsdipHdHAMW8K_8typelang6errorsNtB5_9EvalErrorNtNtCs7sLWcwAdHqg_4core3fmt7Display3fmt
FNDA:2,_RINvMNtCs2uvitLWOfC0_8typelang6errorsNtB3_9ErrorInfo12with_snippetReECsVlnQd8J0n2_6errors
FNDA:8,_RINvMNtCs2uvitLWOfC0_8typelang6errorsNtB3_9ErrorInfo12with_snippetNtNtCsbz1uUYW1aEc_5alloc6string6StringEB5_
FNDA:4,_RINvMNtCs2uvitLWOfC0_8typelang6errorsNtB3_9ErrorInfo2atNtNtCsbz1uUYW1aEc_5alloc6string6StringEB5_
FNDA:11,_RINvMNtCs2uvitLWOfC0_8typelang6errorsNtB3_9ErrorInfo2atReEB5_
FNDA:6,_RINvMNtCs2uvitLWOfC0_8typelang6errorsNtB3_9ErrorInfo3newNtNtCsbz1uUYW1aEc_5alloc6string6StringEB5_
FNDA:7,_RINvMNtCs2uvitLWOfC0_8typelang6errorsNtB3_9ErrorInfo3newReEB5_
FNDA:1,_RINvMs0_NtCs2uvitLWOfC0_8typelang6errorsNtB6_10LexerError15at_with_snippetNtNtCsbz1uUYW1aEc_5alloc6string6StringB1a_EB8_
FNDA:7,_RINvMs0_NtCs2uvitLWOfC0_8typelang6errorsNtB6_10LexerError15at_with_snippetReNtNtCsbz1uUYW1aEc_5alloc6string6StringEB8_
FNDA:3,_RINvMs1_NtCs2uvitLWOfC0_8typelang6errorsNtB6_10ParseError2atNtNtCsbz1uUYW1aEc_5alloc6string6StringEB8_
FNDA:1,_RINvMs1_NtCs2uvitLWOfC0_8typelang6errorsNtB6_10ParseError2atReEB8_
FNDA:0,_RINvMs1_NtCs2uvitLWOfC0_8typelang6errorsNtB6_10ParseError3newNtNtCsbz1uUYW1aEc_5alloc6string6StringEB8_
FNDA:1,_RINvMs1_NtCs2uvitLWOfC0_8typelang6errorsNtB6_10ParseError3newReEB8_
FNDA:5,_RINvMs2_NtCs2uvitLWOfC0_8typelang6errorsNtB6_9TypeError3newNtNtCsbz1uUYW1aEc_5alloc6string6StringEB8_
FNDA:1,_RINvMs3_NtCs2uvitLWOfC0_8typelang6errorsNtB6_9EvalError3newNtNtCsbz1uUYW1aEc_5alloc6string6StringEB8_
FNDA:4,_RINvMs3_NtCs2uvitLWOfC0_8typelang6errorsNtB6_9EvalError3newReEB8_
FNDA:2,_RNvXs4_NtCs2uvitLWOfC0_8typelang6errorsNtB5_10LexerErrorNtNtCs7sLWcwAdHqg_4core3fmt7Display3fmt
FNDA:2,_RNvXs6_NtCs2uvitLWOfC0_8typelang6errorsNtB5_10ParseErrorNtNtCs7sLWcwAdHqg_4core3fmt7Display3fmt
FNDA:0,_RNvXs8_NtCs2uvitLWOfC0_8typelang6errorsNtB5_9TypeErrorNtNtCs7sLWcwAdHqg_4core3fmt7Display3fmt
FNDA:10,_RNvXs_NtCs2uvitLWOfC0_8typelang6errorsNtB4_9ErrorInfoNtNtCs7sLWcwAdHqg_4core3fmt7Display3fmt
FNDA:1,_RNvXsa_NtCs2uvitLWOfC0_8typelang6errorsNtB5_9EvalErrorNtNtCs7sLWcwAdHqg_4core3fmt7Display3fmt
FNDA:0,_RINvMNtCsdipHdHAMW8K_8typelang6errorsNtB3_9ErrorInfo12with_snippetNtNtCsbz1uUYW1aEc_5alloc6string6StringEB5_
FNDA:1,_RINvMNtCsdipHdHAMW8K_8typelang6errorsNtB3_9ErrorInfo2atNtNtCsbz1uUYW1aEc_5alloc6string6StringEB5_
FNDA:0,_RINvMNtCsdipHdHAMW8K_8typelang6errorsNtB3_9ErrorInfo2atReEB5_
FNDA:1,_RINvMNtCsdipHdHAMW8K_8typelang6errorsNtB3_9ErrorInfo3newNtNtCsbz1uUYW1aEc_5alloc6string6StringEB5_
FNDA:0,_RINvMNtCsdipHdHAMW8K_8typelang6errorsNtB3_9ErrorInfo3newReEB5_
FNDA:0,_RINvMs0_NtCsdipHdHAMW8K_8typelang6errorsNtB6_10LexerError15at_with_snippetNtNtCsbz1uUYW1aEc_5alloc6string6StringB1a_EB8_
FNDA:0,_RINvMs0_NtCsdipHdHAMW8K_8typelang6errorsNtB6_10LexerError15at_with_snippetReNtNtCsbz1uUYW1aEc_5alloc6string6StringEB8_
FNDA:1,_RINvMs1_NtCsdipHdHAMW8K_8typelang6errorsNtB6_10ParseError2atNtNtCsbz1uUYW1aEc_5alloc6string6StringEB8_
FNDA:0,_RINvMs1_NtCsdipHdHAMW8K_8typelang6errorsNtB6_10ParseError2atReEB8_
FNDA:0,_RINvMs1_NtCsdipHdHAMW8K_8typelang6errorsNtB6_10ParseError3newNtNtCsbz1uUYW1aEc_5alloc6string6StringEB8_
FNDA:0,_RINvMs1_NtCsdipHdHAMW8K_8typelang6errorsNtB6_10ParseError3newReEB8_
FNDA:1,_RINvMs2_NtCsdipHdHAMW8K_8typelang6errorsNtB6_9TypeError3newNtNtCsbz1uUYW1aEc_5alloc6string6StringEB8_
FNDA:0,_RINvMs3_NtCsdipHdHAMW8K_8typelang6errorsNtB6_9EvalError3newNtNtCsbz1uUYW1aEc_5alloc6string6StringEB8_
FNDA:0,_RINvMs3_NtCsdipHdHAMW8K_8typelang6errorsNtB6_9EvalError3newReEB8_
FNDA:0,_RINvMs0_NtCsdipHdHAMW8K_8typelang6errorsNtB6_10LexerError2atpEB8_
FNDA:0,_RINvMs0_NtCsdipHdHAMW8K_8typelang6errorsNtB6_10LexerError3newpEB8_
FNDA:0,_RINvMs2_NtCsdipHdHAMW8K_8typelang6errorsNtB6_9TypeError15at_with_snippetppEB8_
FNDA:0,_RINvMs2_NtCsdipHdHAMW8K_8typelang6errorsNtB6_9TypeError2atpEB8_
FNDA:0,_RINvMs3_NtCsdipHdHAMW8K_8typelang6errorsNtB6_9EvalError2atpEB8_
FNDA:0,_RNvXs8_NtCsdipHdHAMW8K_8typelang6errorsNtB5_9TypeErrorNtNtCs7sLWcwAdHqg_4core3fmt7Display3fmt
FNDA:0,_RNvXs4_NtCsdipHdHAMW8K_8typelang6errorsNtB5_10LexerErrorNtNtCs7sLWcwAdHqg_4core3fmt7Display3fmt
FNDA:0,_RNvXs6_NtCsdipHdHAMW8K_8typelang6errorsNtB5_10ParseErrorNtNtCs7sLWcwAdHqg_4core3fmt7Display3fmt
FNDA:0,_RNvXs_NtCsdipHdHAMW8K_8typelang6errorsNtB4_9ErrorInfoNtNtCs7sLWcwAdHqg_4core3fmt7Display3fmt
FNDA:0,_RNvXsa_NtCsdipHdHAMW8K_8typelang6errorsNtB5_9EvalErrorNtNtCs7sLWcwAdHqg_4core3fmt7Display3fmt
FNF:18
FNH:12
DA:28,14
DA:29,14
DA:30,14
DA:31,14
DA:32,14
DA:33,14
DA:34,14
DA:35,14
DA:36,14
DA:37,14
DA:39,16
DA:40,16
DA:41,16
DA:42,16
DA:43,16
DA:44,16
DA:45,16
DA:46,16
DA:47,16
DA:48,16
DA:49,16
DA:50,16
DA:51,16
DA:52,16
DA:53,16
DA:54,16
DA:56,10
DA:57,10
DA:58,10
DA:59,10
DA:65,10
DA:67,10
DA:68,5
DA:69,5
DA:70,5
DA:72,0
DA:73,1
DA:74,1
DA:76,2
DA:77,2
DA:80,10
DA:81,4
DA:82,2
DA:84,2
DA:86,4
DA:87,6
DA:88,10
DA:89,10
DA:98,0
DA:99,0
DA:100,0
DA:102,0
DA:103,0
DA:104,0
DA:105,0
DA:106,0
DA:107,0
DA:108,0
DA:109,0
DA:110,0
DA:112,8
DA:113,8
DA:114,8
DA:115,8
DA:116,8
DA:117,8
DA:118,8
DA:119,8
DA:120,8
DA:121,8
DA:130,1
DA:131,1
DA:132,1
DA:134,5
DA:135,5
DA:136,5
DA:137,5
DA:138,5
DA:139,5
DA:140,5
DA:141,5
DA:142,5
DA:151,6
DA:152,6
DA:153,6
DA:155,0
DA:156,0
DA:157,0
DA:158,0
DA:159,0
DA:160,0
DA:161,0
DA:162,0
DA:163,0
DA:165,0
DA:166,0
DA:167,0
DA:168,0
DA:169,0
DA:170,0
DA:171,0
DA:172,0
DA:173,0
DA:174,0
DA:183,5
DA:184,5
DA:185,5
DA:187,0
DA:188,0
DA:189,0
DA:190,0
DA:191,0
DA:192,0
DA:193,0
DA:194,0
DA:195,0
DA:201,2
DA:202,2
DA:203,2
DA:210,2
DA:211,2
DA:212,2
DA:219,0
DA:220,0
DA:221,0
DA:228,1
DA:229,1
DA:230,1
BRDA:80,0,0,4
BRDA:80,0,1,6
BRDA:81,0,0,2
BRDA:81,0,1,2
BRF:4
BRH:4
LF:128
LH:84
end_of_record
SF:/home/hsin4/myproject/typelang-hm-rs/src/evaluator.rs
FN:48,_RNvNtCs2uvitLWOfC0_8typelang9evaluator11initial_env
FN:253,_RNvNtCs2uvitLWOfC0_8typelang9evaluator5apply
FN:291,_RNvNtCs2uvitLWOfC0_8typelang9evaluator6to_int
FN:308,_RNvNtCs2uvitLWOfC0_8typelang9evaluator9eval_expr
FN:299,_RNvNtCs2uvitLWOfC0_8typelang9evaluator9to_double
FN:116,_RNvNvNtCs2uvitLWOfC0_8typelang9evaluator11initial_env18structural_compare
FN:152,_RNvNvNtCs2uvitLWOfC0_8typelang9evaluator11initial_env3eqv
FN:106,_RNvNvNtCs2uvitLWOfC0_8typelang9evaluator11initial_env4powf
FN:91,_RNvNvNtCs2uvitLWOfC0_8typelang9evaluator11initial_env4powi
FN:178,_RNvNvNtCs2uvitLWOfC0_8typelang9evaluator11initial_env5eq_op
FN:201,_RNvNvNtCs2uvitLWOfC0_8typelang9evaluator11initial_env5ge_op
FN:197,_RNvNvNtCs2uvitLWOfC0_8typelang9evaluator11initial_env5gt_op
FN:190,_RNvNvNtCs2uvitLWOfC0_8typelang9evaluator11initial_env5le_op
FN:186,_RNvNvNtCs2uvitLWOfC0_8typelang9evaluator11initial_env5lt_op
FN:182,_RNvNvNtCs2uvitLWOfC0_8typelang9evaluator11initial_env5ne_op
FN:70,_RNvNvNtCs2uvitLWOfC0_8typelang9evaluator11initial_env5prim2
FN:74,_RNvNvNtCs2uvitLWOfC0_8typelang9evaluator11initial_env6add_op
FN:86,_RNvNvNtCs2uvitLWOfC0_8typelang9evaluator11initial_env6div_op
FN:82,_RNvNvNtCs2uvitLWOfC0_8typelang9evaluator11initial_env6mul_op
FN:78,_RNvNvNtCs2uvitLWOfC0_8typelang9evaluator11initial_env6sub_op
FN:166,_RNvNvNtCs2uvitLWOfC0_8typelang9evaluator11initial_env7compare
FN:52,_RNvNvNtCs2uvitLWOfC0_8typelang9evaluator11initial_env7py_show
FN:314,_RNCNvNtCs2uvitLWOfC0_8typelang9evaluator9eval_expr0B5_
FN:97,_RNCNvNvNtCs2uvitLWOfC0_8typelang9evaluator11initial_env4powi0B7_
FN:314,_RNCNvNtCsdipHdHAMW8K_8typelang9evaluator9eval_expr0B5_
FN:97,_RNCNvNvNtCsdipHdHAMW8K_8typelang9evaluator11initial_env4powi0B7_
FN:48,_RNvNtCsdipHdHAMW8K_8typelang9evaluator11initial_env
FN:253,_RNvNtCsdipHdHAMW8K_8typelang9evaluator5apply
FN:291,_RNvNtCsdipHdHAMW8K_8typelang9evaluator6to_int
FN:308,_RNvNtCsdipHdHAMW8K_8typelang9evaluator9eval_expr
FN:299,_RNvNtCsdipHdHAMW8K_8typelang9evaluator9to_double
FN:116,_RNvNvNtCsdipHdHAMW8K_8typelang9evaluator11initial_env18structural_compare
FN:152,_RNvNvNtCsdipHdHAMW8K_8typelang9evaluator11initial_env3eqv
FN:106,_RNvNvNtCsdipHdHAMW8K_8typelang9evaluator11initial_env4powf
FN:91,_RNvNvNtCsdipHdHAMW8K_8typelang9evaluator11initial_env4powi
FN:178,_RNvNvNtCsdipHdHAMW8K_8typelang9evaluator11initial_env5eq_op
FN:201,_RNvNvNtCsdipHdHAMW8K_8typelang9evaluator11initial_env5ge_op
FN:197,_RNvNvNtCsdipHdHAMW8K_8typelang9evaluator11initial_env5gt_op
FN:190,_RNvNvNtCsdipHdHAMW8K_8typelang9evaluator11initial_env5le_op
FN:186,_RNvNvNtCsdipHdHAMW8K_8typelang9evaluator11initial_env5lt_op
FN:182,_RNvNvNtCsdipHdHAMW8K_8typelang9evaluator11initial_env5ne_op
FN:70,_RNvNvNtCsdipHdHAMW8K_8typelang9evaluator11initial_env5prim2
FN:74,_RNvNvNtCsdipHdHAMW8K_8typelang9evaluator11initial_env6add_op
FN:86,_RNvNvNtCsdipHdHAMW8K_8typelang9evaluator11initial_env6div_op
FN:82,_RNvNvNtCsdipHdHAMW8K_8typelang9evaluator11initial_env6mul_op
FN:78,_RNvNvNtCsdipHdHAMW8K_8typelang9evaluator11initial_env6sub_op
FN:166,_RNvNvNtCsdipHdHAMW8K_8typelang9evaluator11initial_env7compare
FN:52,_RNvNvNtCsdipHdHAMW8K_8typelang9evaluator11initial_env7py_show
FNDA:24,_RNvNtCs2uvitLWOfC0_8typelang9evaluator11initial_env
FNDA:67,_RNvNtCs2uvitLWOfC0_8typelang9evaluator5apply
FNDA:12,_RNvNtCs2uvitLWOfC0_8typelang9evaluator6to_int
FNDA:163,_RNvNtCs2uvitLWOfC0_8typelang9evaluator9eval_expr
FNDA:18,_RNvNtCs2uvitLWOfC0_8typelang9evaluator9to_double
FNDA:17,_RNvNvNtCs2uvitLWOfC0_8typelang9evaluator11initial_env18structural_compare
FNDA:4,_RNvNvNtCs2uvitLWOfC0_8typelang9evaluator11initial_env3eqv
FNDA:4,_RNvNvNtCs2uvitLWOfC0_8typelang9evaluator11initial_env4powf
FNDA:8,_RNvNvNtCs2uvitLWOfC0_8typelang9evaluator11initial_env4powi
FNDA:4,_RNvNvNtCs2uvitLWOfC0_8typelang9evaluator11initial_env5eq_op
FNDA:1,_RNvNvNtCs2uvitLWOfC0_8typelang9evaluator11initial_env5ge_op
FNDA:0,_RNvNvNtCs2uvitLWOfC0_8typelang9evaluator11initial_env5gt_op
FNDA:0,_RNvNvNtCs2uvitLWOfC0_8typelang9evaluator11initial_env5le_op
FNDA:4,_RNvNvNtCs2uvitLWOfC0_8typelang9evaluator11initial_env5lt_op
FNDA:0,_RNvNvNtCs2uvitLWOfC0_8typelang9evaluator11initial_env5ne_op
FNDA:288,_RNvNvNtCs2uvitLWOfC0_8typelang9evaluator11initial_env5prim2
FNDA:0,_RNvNvNtCs2uvitLWOfC0_8typelang9evaluator11initial_env6add_op
FNDA:4,_RNvNvNtCs2uvitLWOfC0_8typelang9evaluator11initial_env6div_op
FNDA:0,_RNvNvNtCs2uvitLWOfC0_8typelang9evaluator11initial_env6mul_op
FNDA:6,_RNvNvNtCs2uvitLWOfC0_8typelang9evaluator11initial_env6sub_op
FNDA:5,_RNvNvNtCs2uvitLWOfC0_8typelang9evaluator11initial_env7compare
FNDA:2,_RNvNvNtCs2uvitLWOfC0_8typelang9evaluator11initial_env7py_show
FNDA:1,_RNCNvNtCs2uvitLWOfC0_8typelang9evaluator9eval_expr0B5_
FNDA:1,_RNCNvNvNtCs2uvitLWOfC0_8typelang9evaluator11initial_env4powi0B7_
FNDA:0,_RNCNvNtCsdipHdHAMW8K_8typelang9evaluator9eval_expr0B5_
FNDA:0,_RNCNvNvNtCsdipHdHAMW8K_8typelang9evaluator11initial_env4powi0B7_
FNDA:4,_RNvNtCsdipHdHAMW8K_8typelang9evaluator11initial_env
FNDA:2,_RNvNtCsdipHdHAMW8K_8typelang9evaluator5apply
FNDA:2,_RNvNtCsdipHdHAMW8K_8typelang9evaluator6to_int
FNDA:7,_RNvNtCsdipHdHAMW8K_8typelang9evaluator9eval_expr
FNDA:0,_RNvNtCsdipHdHAMW8K_8typelang9evaluator9to_double
FNDA:0,_RNvNvNtCsdipHdHAMW8K_8typelang9evaluator11initial_env18structural_compare
FNDA:0,_RNvNvNtCsdipHdHAMW8K_8typelang9evaluator11initial_env3eqv
FNDA:0,_RNvNvNtCsdipHdHAMW8K_8typelang9evaluator11initial_env4powf
FNDA:0,_RNvNvNtCsdipHdHAMW8K_8typelang9evaluator11initial_env4powi
FNDA:0,_RNvNvNtCsdipHdHAMW8K_8typelang9evaluator11initial_env5eq_op
FNDA:0,_RNvNvNtCsdipHdHAMW8K_8typelang9evaluator11initial_env5ge_op
FNDA:0,_RNvNvNtCsdipHdHAMW8K_8typelang9evaluator11initial_env5gt_op
FNDA:0,_RNvNvNtCsdipHdHAMW8K_8typelang9evaluator11initial_env5le_op
FNDA:0,_RNvNvNtCsdipHdHAMW8K_8typelang9evaluator11initial_env5lt_op
FNDA:0,_RNvNvNtCsdipHdHAMW8K_8typelang9evaluator11initial_env5ne_op
FNDA:48,_RNvNvNtCsdipHdHAMW8K_8typelang9evaluator11initial_env5prim2
FNDA:1,_RNvNvNtCsdipHdHAMW8K_8typelang9evaluator11initial_env6add_op
FNDA:0,_RNvNvNtCsdipHdHAMW8K_8typelang9evaluator11initial_env6div_op
FNDA:0,_RNvNvNtCsdipHdHAMW8K_8typelang9evaluator11initial_env6mul_op
FNDA:0,_RNvNvNtCsdipHdHAMW8K_8typelang9evaluator11initial_env6sub_op
FNDA:0,_RNvNvNtCsdipHdHAMW8K_8typelang9evaluator11initial_env7compare
FNDA:0,_RNvNvNtCsdipHdHAMW8K_8typelang9evaluator11initial_env7py_show
FNF:24
FNH:20
DA:48,28
DA:49,28
DA:52,2
DA:53,2
DA:54,1
DA:55,0
DA:56,0
DA:57,0
DA:58,0
DA:60,0
DA:63,0
DA:64,0
DA:65,1
DA:67,2
DA:70,336
DA:71,336
DA:72,336
DA:74,1
DA:75,1
DA:76,1
DA:78,6
DA:79,6
DA:80,6
DA:82,0
DA:83,0
DA:84,0
DA:86,4
DA:87,4
DA:88,4
DA:91,8
DA:92,8
DA:93,8
DA:94,7
DA:95,0
DA:96,7
DA:97,7
DA:98,1
DA:99,1
DA:101,1
DA:103,8
DA:106,4
DA:107,4
DA:108,4
DA:116,17
DA:117,17
DA:118,10
DA:119,2
DA:120,0
DA:121,0
DA:123,1
DA:124,1
DA:126,0
DA:127,0
DA:128,0
DA:129,2
DA:130,4
DA:131,4
DA:132,4
DA:133,1
DA:134,3
DA:136,1
DA:138,2
DA:139,4
DA:140,4
DA:141,4
DA:142,1
DA:143,3
DA:145,1
DA:147,0
DA:149,17
DA:152,4
DA:153,4
DA:154,3
DA:155,0
DA:156,0
DA:157,0
DA:158,0
DA:159,0
DA:160,0
DA:161,1
DA:163,4
DA:166,5
DA:167,5
DA:168,4
DA:169,0
DA:170,0
DA:171,0
DA:172,0
DA:173,0
DA:174,1
DA:176,5
DA:178,4
DA:179,4
DA:180,4
DA:182,0
DA:183,0
DA:184,0
DA:186,4
DA:187,4
DA:188,4
DA:190,0
DA:192,0
DA:193,0
DA:195,0
DA:197,0
DA:198,0
DA:199,0
DA:201,1
DA:203,1
DA:204,1
DA:206,1
DA:208,392
DA:209,364
DA:210,84
DA:211,84
DA:212,28
DA:213,28
DA:214,28
DA:216,84
DA:218,28
DA:219,28
DA:220,28
DA:221,28
DA:222,28
DA:223,28
DA:224,28
DA:225,28
DA:226,28
DA:227,56
DA:228,56
DA:229,28
DA:230,28
DA:232,56
DA:234,112
DA:235,112
DA:236,28
DA:237,28
DA:238,28
DA:239,28
DA:241,112
DA:243,28
DA:244,28
DA:245,28
DA:249,28
DA:250,28
DA:253,69
DA:254,69
DA:255,2
DA:256,64
DA:257,64
DA:258,32
DA:260,32
DA:261,32
DA:262,32
DA:263,32
DA:266,2
DA:267,2
DA:268,0
DA:269,2
DA:270,2
DA:271,2
DA:272,2
DA:273,2
DA:275,0
DA:276,0
DA:277,0
DA:278,0
DA:279,0
DA:282,1
DA:283,1
DA:284,1
DA:285,1
DA:286,1
DA:288,69
DA:291,14
DA:292,14
DA:293,14
DA:294,0
DA:295,0
DA:297,14
DA:299,18
DA:300,18
DA:301,7
DA:302,11
DA:303,0
DA:305,18
DA:308,170
DA:310,170
DA:311,39
DA:312,39
DA:313,39
DA:314,39
DA:315,61
DA:316,9
DA:317,0
DA:318,0
DA:319,1
DA:320,4
DA:321,4
DA:322,12
DA:323,8
DA:325,4
DA:327,5
DA:328,5
DA:329,15
DA:330,10
DA:332,5
DA:334,12
DA:335,12
DA:336,12
DA:337,12
DA:338,12
DA:339,1
DA:340,1
DA:341,2
DA:342,1
DA:343,0
DA:345,1
DA:346,1
DA:347,1
DA:348,1
DA:349,1
DA:351,1
DA:353,1
DA:356,0
DA:357,0
DA:358,0
DA:360,0
DA:361,0
DA:362,0
DA:363,0
DA:365,0
DA:368,0
DA:369,0
DA:370,0
DA:371,0
DA:372,0
DA:375,5
DA:376,5
DA:377,5
DA:378,5
DA:380,32
DA:381,32
DA:382,32
DA:383,32
DA:384,32
DA:385,32
DA:387,1
DA:389,170
BRDA:57,0,0,-
BRDA:57,0,1,-
BRDA:93,0,0,7
BRDA:93,0,1,1
BRDA:94,0,0,0
BRDA:94,0,1,7
BRDA:132,0,0,1
BRDA:132,0,1,3
BRDA:141,0,0,1
BRDA:141,0,1,3
BRDA:193,0,0,-
BRDA:193,0,1,-
BRDA:204,0,0,1
BRDA:204,0,1,0
BRDA:257,0,0,32
BRDA:257,0,1,32
BRDA:267,0,0,0
BRDA:267,0,1,2
BRDA:272,0,0,2
BRDA:272,0,1,0
BRDA:342,0,0,0
BRDA:342,0,1,1
BRDA:361,0,0,-
BRDA:361,0,1,-
BRDA:362,0,0,-
BRDA:362,0,1,-
BRF:26
BRH:13
LF:251
LH:188
end_of_record
SF:/home/hsin4/myproject/typelang-hm-rs/src/infer.rs
FN:207,_RINvMNtCs2uvitLWOfC0_8typelang5inferNtB3_8InferCtx14run_with_substNCNvB2_16infer_with_subst0EB5_
FN:301,_RNCNvMNtCs2uvitLWOfC0_8typelang5inferNtB4_8InferCtx10infer_list0B6_
FN:526,_RNCNvMNtCs2uvitLWOfC0_8typelang5inferNtB4_8InferCtx11infer_annot0B6_
FN:204,_RNCNvMNtCs2uvitLWOfC0_8typelang5inferNtB4_8InferCtx16infer_with_subst0B6_
FN:416,_RNCNvMNtCs2uvitLWOfC0_8typelang5inferNtB4_8InferCtx8infer_if0B6_
FN:429,_RNCNvMNtCs2uvitLWOfC0_8typelang5inferNtB4_8InferCtx8infer_ifs_0B6_
FN:464,_RNCNvMNtCs2uvitLWOfC0_8typelang5inferNtB4_8InferCtx9infer_app0B6_
FN:290,_RNvMNtCs2uvitLWOfC0_8typelang5inferNtB2_8InferCtx10infer_list
FN:517,_RNvMNtCs2uvitLWOfC0_8typelang5inferNtB2_8InferCtx11infer_annot
FN:479,_RNvMNtCs2uvitLWOfC0_8typelang5inferNtB2_8InferCtx11infer_binop
FN:308,_RNvMNtCs2uvitLWOfC0_8typelang5inferNtB2_8InferCtx11infer_tuple
FN:326,_RNvMNtCs2uvitLWOfC0_8typelang5inferNtB2_8InferCtx12infer_lambda
FN:198,_RNvMNtCs2uvitLWOfC0_8typelang5inferNtB2_8InferCtx16infer_with_subst
FN:286,_RNvMNtCs2uvitLWOfC0_8typelang5inferNtB2_8InferCtx19infer_concrete_type
FN:538,_RNvMNtCs2uvitLWOfC0_8typelang5inferNtB2_8InferCtx20is_negative_exponent
FN:269,_RNvMNtCs2uvitLWOfC0_8typelang5inferNtB2_8InferCtx25infer_constrained_literal
FN:224,_RNvMNtCs2uvitLWOfC0_8typelang5inferNtB2_8InferCtx5infer
FN:402,_RNvMNtCs2uvitLWOfC0_8typelang5inferNtB2_8InferCtx8infer_if
FN:445,_RNvMNtCs2uvitLWOfC0_8typelang5inferNtB2_8InferCtx9infer_app
FN:375,_RNvMNtCs2uvitLWOfC0_8typelang5inferNtB2_8InferCtx9infer_let
FN:251,_RNvMNtCs2uvitLWOfC0_8typelang5inferNtB2_8InferCtx9infer_var
FN:182,_RNvNtCs2uvitLWOfC0_8typelang5infer10infer_expr
FN:52,_RNvNtCs2uvitLWOfC0_8typelang5infer11initial_env
FN:130,_RNvNtCs2uvitLWOfC0_8typelang5infer11pred_scheme
FN:159,_RNvNtCs2uvitLWOfC0_8typelang5infer11show_scheme
FN:76,_RNvNtCs2uvitLWOfC0_8typelang5infer12binop_scheme
FN:103,_RNvNtCs2uvitLWOfC0_8typelang5infer13intpow_scheme
FN:592,_RNvNtCs2uvitLWOfC0_8typelang5infer14infer_type_str
FN:550,_RNvNtCs2uvitLWOfC0_8typelang5infer15type_from_texpr
FN:26,_RNvNtCs2uvitLWOfC0_8typelang5infer17initial_class_env
FN:604,_RNvNtCs2uvitLWOfC0_8typelang5infer30infer_type_str_with_defaulting
FN:584,_RNvNtCs2uvitLWOfC0_8typelang5infer8hash_str
FN:290,_RNvMNtCsdipHdHAMW8K_8typelang5inferNtB2_8InferCtx10infer_list
FN:517,_RNvMNtCsdipHdHAMW8K_8typelang5inferNtB2_8InferCtx11infer_annot
FN:479,_RNvMNtCsdipHdHAMW8K_8typelang5inferNtB2_8InferCtx11infer_binop
FN:308,_RNvMNtCsdipHdHAMW8K_8typelang5inferNtB2_8InferCtx11infer_tuple
FN:326,_RNvMNtCsdipHdHAMW8K_8typelang5inferNtB2_8InferCtx12infer_lambda
FN:198,_RNvMNtCsdipHdHAMW8K_8typelang5inferNtB2_8InferCtx16infer_with_subst
FN:286,_RNvMNtCsdipHdHAMW8K_8typelang5inferNtB2_8InferCtx19infer_concrete_type
FN:538,_RNvMNtCsdipHdHAMW8K_8typelang5inferNtB2_8InferCtx20is_negative_exponent
FN:269,_RNvMNtCsdipHdHAMW8K_8typelang5inferNtB2_8InferCtx25infer_constrained_literal
FN:224,_RNvMNtCsdipHdHAMW8K_8typelang5inferNtB2_8InferCtx5infer
FN:402,_RNvMNtCsdipHdHAMW8K_8typelang5inferNtB2_8InferCtx8infer_if
FN:445,_RNvMNtCsdipHdHAMW8K_8typelang5inferNtB2_8InferCtx9infer_app
FN:375,_RNvMNtCsdipHdHAMW8K_8typelang5inferNtB2_8InferCtx9infer_let
FN:251,_RNvMNtCsdipHdHAMW8K_8typelang5inferNtB2_8InferCtx9infer_var
FN:182,_RNvNtCsdipHdHAMW8K_8typelang5infer10infer_expr
FN:550,_RNvNtCsdipHdHAMW8K_8typelang5infer15type_from_texpr
FN:26,_RNvNtCsdipHdHAMW8K_8typelang5infer17initial_class_env
FN:584,_RNvNtCsdipHdHAMW8K_8typelang5infer8hash_str
FN:207,_RINvMNtCsdipHdHAMW8K_8typelang5inferNtB3_8InferCtx14run_with_substNCNvB2_16infer_with_subst0EB5_
FN:301,_RNCNvMNtCsdipHdHAMW8K_8typelang5inferNtB4_8InferCtx10infer_list0B6_
FN:526,_RNCNvMNtCsdipHdHAMW8K_8typelang5inferNtB4_8InferCtx11infer_annot0B6_
FN:204,_RNCNvMNtCsdipHdHAMW8K_8typelang5inferNtB4_8InferCtx16infer_with_subst0B6_
FN:416,_RNCNvMNtCsdipHdHAMW8K_8typelang5inferNtB4_8InferCtx8infer_if0B6_
FN:429,_RNCNvMNtCsdipHdHAMW8K_8typelang5inferNtB4_8InferCtx8infer_ifs_0B6_
FN:464,_RNCNvMNtCsdipHdHAMW8K_8typelang5inferNtB4_8InferCtx9infer_app0B6_
FN:52,_RNvNtCsdipHdHAMW8K_8typelang5infer11initial_env
FN:130,_RNvNtCsdipHdHAMW8K_8typelang5infer11pred_scheme
FN:159,_RNvNtCsdipHdHAMW8K_8typelang5infer11show_scheme
FN:76,_RNvNtCsdipHdHAMW8K_8typelang5infer12binop_scheme
FN:103,_RNvNtCsdipHdHAMW8K_8typelang5infer13intpow_scheme
FN:592,_RNvNtCsdipHdHAMW8K_8typelang5infer14infer_type_str
FN:604,_RNvNtCsdipHdHAMW8K_8typelang5infer30infer_type_str_with_defaulting
FNDA:69,_RINvMNtCs2uvitLWOfC0_8typelang5inferNtB3_8InferCtx14run_with_substNCNvB2_16infer_with_subst0EB5_
FNDA:0,_RNCNvMNtCs2uvitLWOfC0_8typelang5inferNtB4_8InferCtx10infer_list0B6_
FNDA:0,_RNCNvMNtCs2uvitLWOfC0_8typelang5inferNtB4_8InferCtx11infer_annot0B6_
FNDA:69,_RNCNvMNtCs2uvitLWOfC0_8typelang5inferNtB4_8InferCtx16infer_with_subst0B6_
FNDA:2,_RNCNvMNtCs2uvitLWOfC0_8typelang5inferNtB4_8InferCtx8infer_if0B6_
FNDA:1,_RNCNvMNtCs2uvitLWOfC0_8typelang5inferNtB4_8InferCtx8infer_ifs_0B6_
FNDA:0,_RNCNvMNtCs2uvitLWOfC0_8typelang5inferNtB4_8InferCtx9infer_app0B6_
FNDA:0,_RNvMNtCs2uvitLWOfC0_8typelang5inferNtB2_8InferCtx10infer_list
FNDA:4,_RNvMNtCs2uvitLWOfC0_8typelang5inferNtB2_8InferCtx11infer_annot
FNDA:13,_RNvMNtCs2uvitLWOfC0_8typelang5inferNtB2_8InferCtx11infer_binop
FNDA:1,_RNvMNtCs2uvitLWOfC0_8typelang5inferNtB2_8InferCtx11infer_tuple
FNDA:13,_RNvMNtCs2uvitLWOfC0_8typelang5inferNtB2_8InferCtx12infer_lambda
FNDA:69,_RNvMNtCs2uvitLWOfC0_8typelang5inferNtB2_8InferCtx16infer_with_subst
FNDA:4,_RNvMNtCs2uvitLWOfC0_8typelang5inferNtB2_8InferCtx19infer_concrete_type
FNDA:1,_RNvMNtCs2uvitLWOfC0_8typelang5inferNtB2_8InferCtx20is_negative_exponent
FNDA:21,_RNvMNtCs2uvitLWOfC0_8typelang5inferNtB2_8InferCtx25infer_constrained_literal
FNDA:119,_RNvMNtCs2uvitLWOfC0_8typelang5inferNtB2_8InferCtx5infer
FNDA:3,_RNvMNtCs2uvitLWOfC0_8typelang5inferNtB2_8InferCtx8infer_if
FNDA:26,_RNvMNtCs2uvitLWOfC0_8typelang5inferNtB2_8InferCtx9infer_app
FNDA:0,_RNvMNtCs2uvitLWOfC0_8typelang5inferNtB2_8InferCtx9infer_let
FNDA:34,_RNvMNtCs2uvitLWOfC0_8typelang5inferNtB2_8InferCtx9infer_var
FNDA:30,_RNvNtCs2uvitLWOfC0_8typelang5infer10infer_expr
FNDA:17,_RNvNtCs2uvitLWOfC0_8typelang5infer11initial_env
FNDA:102,_RNvNtCs2uvitLWOfC0_8typelang5infer11pred_scheme
FNDA:17,_RNvNtCs2uvitLWOfC0_8typelang5infer11show_scheme
FNDA:85,_RNvNtCs2uvitLWOfC0_8typelang5infer12binop_scheme
FNDA:17,_RNvNtCs2uvitLWOfC0_8typelang5infer13intpow_scheme
FNDA:4,_RNvNtCs2uvitLWOfC0_8typelang5infer14infer_type_str
FNDA:25,_RNvNtCs2uvitLWOfC0_8typelang5infer15type_from_texpr
FNDA:17,_RNvNtCs2uvitLWOfC0_8typelang5infer17initial_class_env
FNDA:3,_RNvNtCs2uvitLWOfC0_8typelang5infer30infer_type_str_with_defaulting
FNDA:14,_RNvNtCs2uvitLWOfC0_8typelang5infer8hash_str
FNDA:0,_RNvMNtCsdipHdHAMW8K_8typelang5inferNtB2_8InferCtx10infer_list
FNDA:0,_RNvMNtCsdipHdHAMW8K_8typelang5inferNtB2_8InferCtx11infer_annot
FNDA:1,_RNvMNtCsdipHdHAMW8K_8typelang5inferNtB2_8InferCtx11infer_binop
FNDA:0,_RNvMNtCsdipHdHAMW8K_8typelang5inferNtB2_8InferCtx11infer_tuple
FNDA:0,_RNvMNtCsdipHdHAMW8K_8typelang5inferNtB2_8InferCtx12infer_lambda
FNDA:2,_RNvMNtCsdipHdHAMW8K_8typelang5inferNtB2_8InferCtx16infer_with_subst
FNDA:0,_RNvMNtCsdipHdHAMW8K_8typelang5inferNtB2_8InferCtx19infer_concrete_type
FNDA:0,_RNvMNtCsdipHdHAMW8K_8typelang5inferNtB2_8InferCtx20is_negative_exponent
FNDA:4,_RNvMNtCsdipHdHAMW8K_8typelang5inferNtB2_8InferCtx25infer_constrained_literal
FNDA:8,_RNvMNtCsdipHdHAMW8K_8typelang5inferNtB2_8InferCtx5infer
FNDA:0,_RNvMNtCsdipHdHAMW8K_8typelang5inferNtB2_8InferCtx8infer_if
FNDA:2,_RNvMNtCsdipHdHAMW8K_8typelang5inferNtB2_8InferCtx9infer_app
FNDA:0,_RNvMNtCsdipHdHAMW8K_8typelang5inferNtB2_8InferCtx9infer_let
FNDA:1,_RNvMNtCsdipHdHAMW8K_8typelang5inferNtB2_8InferCtx9infer_var
FNDA:5,_RNvNtCsdipHdHAMW8K_8typelang5infer10infer_expr
FNDA:0,_RNvNtCsdipHdHAMW8K_8typelang5infer15type_from_texpr
FNDA:4,_RNvNtCsdipHdHAMW8K_8typelang5infer17initial_class_env
FNDA:0,_RNvNtCsdipHdHAMW8K_8typelang5infer8hash_str
FNDA:2,_RINvMNtCsdipHdHAMW8K_8typelang5inferNtB3_8InferCtx14run_with_substNCNvB2_16infer_with_subst0EB5_
FNDA:0,_RNCNvMNtCsdipHdHAMW8K_8typelang5inferNtB4_8InferCtx10infer_list0B6_
FNDA:0,_RNCNvMNtCsdipHdHAMW8K_8typelang5inferNtB4_8InferCtx11infer_annot0B6_
FNDA:2,_RNCNvMNtCsdipHdHAMW8K_8typelang5inferNtB4_8InferCtx16infer_with_subst0B6_
FNDA:0,_RNCNvMNtCsdipHdHAMW8K_8typelang5inferNtB4_8InferCtx8infer_if0B6_
FNDA:0,_RNCNvMNtCsdipHdHAMW8K_8typelang5inferNtB4_8InferCtx8infer_ifs_0B6_
FNDA:0,_RNCNvMNtCsdipHdHAMW8K_8typelang5inferNtB4_8InferCtx9infer_app0B6_
FNDA:0,_RNvNtCsdipHdHAMW8K_8typelang5infer11initial_env
FNDA:0,_RNvNtCsdipHdHAMW8K_8typelang5infer11pred_scheme
FNDA:0,_RNvNtCsdipHdHAMW8K_8typelang5infer11show_scheme
FNDA:0,_RNvNtCsdipHdHAMW8K_8typelang5infer12binop_scheme
FNDA:0,_RNvNtCsdipHdHAMW8K_8typelang5infer13intpow_scheme
FNDA:0,_RNvNtCsdipHdHAMW8K_8typelang5infer14infer_type_str
FNDA:0,_RNvNtCsdipHdHAMW8K_8typelang5infer30infer_type_str_with_defaulting
FNF:32
FNH:27
DA:26,21
DA:27,21
DA:29,21
DA:30,21
DA:31,21
DA:32,21
DA:33,21
DA:35,105
DA:36,105
DA:37,105
DA:38,105
DA:39,105
DA:40,63
DA:41,63
DA:42,63
DA:43,21
DA:45,21
DA:46,21
DA:47,21
DA:48,21
DA:49,21
DA:52,17
DA:53,17
DA:54,17
DA:56,238
DA:57,221
DA:58,51
DA:59,17
DA:60,17
DA:61,17
DA:62,17
DA:63,17
DA:64,17
DA:65,17
DA:66,34
DA:67,68
DA:68,17
DA:72,17
DA:73,17
DA:76,85
DA:77,85
DA:78,85
DA:79,85
DA:80,85
DA:81,85
DA:82,85
DA:83,85
DA:84,85
DA:85,85
DA:86,85
DA:87,85
DA:88,85
DA:89,85
DA:90,85
DA:92,85
DA:93,85
DA:94,0
DA:96,85
DA:97,85
DA:98,85
DA:99,85
DA:100,85
DA:103,17
DA:104,17
DA:105,17
DA:106,17
DA:107,17
DA:108,17
DA:109,17
DA:110,17
DA:111,17
DA:112,17
DA:113,17
DA:114,17
DA:115,17
DA:116,17
DA:117,17
DA:119,17
DA:120,17
DA:121,0
DA:123,17
DA:124,17
DA:125,17
DA:126,17
DA:127,17
DA:130,102
DA:131,102
DA:132,102
DA:133,102
DA:134,102
DA:135,102
DA:136,102
DA:137,102
DA:138,102
DA:139,102
DA:140,102
DA:141,102
DA:142,102
DA:143,102
DA:144,102
DA:145,102
DA:146,102
DA:148,102
DA:149,102
DA:150,0
DA:152,102
DA:153,102
DA:154,102
DA:155,102
DA:156,102
DA:159,17
DA:160,17
DA:161,17
DA:162,17
DA:163,17
DA:164,17
DA:165,17
DA:166,17
DA:167,0
DA:169,17
DA:170,17
DA:171,17
DA:172,17
DA:173,17
DA:174,17
DA:175,17
DA:176,17
DA:177,17
DA:178,17
DA:179,17
DA:182,35
DA:183,35
DA:184,35
DA:185,35
DA:186,35
DA:187,35
DA:188,35
DA:189,35
DA:190,35
DA:198,71
DA:199,71
DA:200,71
DA:201,71
DA:202,71
DA:203,71
DA:204,71
DA:205,71
DA:207,71
DA:208,71
DA:209,71
DA:211,71
DA:212,71
DA:213,71
DA:214,69
DA:215,69
DA:216,69
DA:217,2
DA:218,2
DA:219,2
DA:221,71
DA:222,71
DA:224,127
DA:225,127
DA:226,35
DA:227,24
DA:228,1
DA:229,3
DA:230,3
DA:231,3
DA:232,0
DA:233,1
DA:234,1
DA:235,1
DA:236,0
DA:237,1
DA:238,13
DA:239,0
DA:241,3
DA:242,3
DA:243,3
DA:244,3
DA:245,28
DA:246,14
DA:247,4
DA:249,127
DA:251,35
DA:252,35
DA:253,0
DA:254,0
DA:255,35
DA:257,35
DA:258,32
DA:259,32
DA:260,3
DA:262,3
DA:263,3
DA:264,3
DA:265,3
DA:266,3
DA:267,35
DA:269,25
DA:270,25
DA:271,25
DA:272,25
DA:273,25
DA:274,25
DA:275,25
DA:276,25
DA:277,25
DA:278,25
DA:279,25
DA:280,25
DA:281,25
DA:282,25
DA:283,25
DA:284,25
DA:286,4
DA:287,4
DA:288,4
DA:290,0
DA:291,0
DA:292,0
DA:293,0
DA:294,0
DA:295,0
DA:296,0
DA:297,0
DA:298,0
DA:299,0
DA:300,0
DA:301,0
DA:302,0
DA:304,0
DA:305,0
DA:306,0
DA:308,1
DA:309,1
DA:310,1
DA:311,1
DA:312,1
DA:313,1
DA:314,1
DA:315,3
DA:316,2
DA:317,2
DA:318,2
DA:320,1
DA:321,1
DA:322,1
DA:323,1
DA:324,1
DA:326,13
DA:327,13
DA:328,13
DA:329,13
DA:330,13
DA:331,13
DA:332,13
DA:333,13
DA:334,13
DA:336,30
DA:337,17
DA:338,17
DA:339,17
DA:340,17
DA:341,17
DA:342,17
DA:343,17
DA:344,17
DA:345,17
DA:346,17
DA:348,17
DA:349,17
DA:350,17
DA:351,17
DA:352,17
DA:353,17
DA:354,17
DA:355,17
DA:356,17
DA:357,17
DA:360,13
DA:361,13
DA:362,13
DA:363,17
DA:364,17
DA:365,17
DA:366,17
DA:367,17
DA:368,17
DA:369,13
DA:370,13
DA:371,13
DA:372,13
DA:373,13
DA:375,0
DA:376,0
DA:377,0
DA:378,0
DA:379,0
DA:380,0
DA:381,0
DA:382,0
DA:383,0
DA:384,0
DA:385,0
DA:387,0
DA:388,0
DA:389,0
DA:390,0
DA:392,0
DA:393,0
DA:394,0
DA:395,0
DA:397,0
DA:398,0
DA:399,0
DA:400,0
DA:402,3
DA:403,3
DA:404,3
DA:405,3
DA:406,3
DA:407,3
DA:408,3
DA:409,3
DA:410,3
DA:411,3
DA:412,3
DA:413,3
DA:414,3
DA:416,3
DA:417,1
DA:419,1
DA:420,1
DA:422,1
DA:423,1
DA:425,1
DA:426,1
DA:427,1
DA:429,1
DA:430,0
DA:432,0
DA:433,0
DA:434,0
DA:435,0
DA:436,0
DA:437,0
DA:438,0
DA:439,0
DA:440,0
DA:441,0
DA:442,0
DA:443,3
DA:445,28
DA:446,28
DA:447,28
DA:448,28
DA:449,28
DA:450,28
DA:451,28
DA:452,28
DA:453,26
DA:454,26
DA:455,26
DA:456,26
DA:457,26
DA:458,26
DA:459,26
DA:460,26
DA:461,26
DA:462,26
DA:464,26
DA:465,26
DA:466,26
DA:467,26
DA:468,26
DA:469,26
DA:470,26
DA:471,26
DA:472,26
DA:473,26
DA:474,26
DA:475,26
DA:476,26
DA:477,28
DA:479,14
DA:480,14
DA:481,14
DA:482,14
DA:483,14
DA:484,14
DA:485,14
DA:486,14
DA:487,1
DA:488,1
DA:489,1
DA:490,1
DA:491,1
DA:492,1
DA:493,1
DA:494,1
DA:495,1
DA:496,1
DA:497,1
DA:498,1
DA:499,1
DA:500,1
DA:501,1
DA:502,1
DA:503,13
DA:505,13
DA:506,13
DA:507,13
DA:508,13
DA:509,13
DA:510,13
DA:511,13
DA:512,13
DA:513,13
DA:514,13
DA:515,14
DA:517,4
DA:518,4
DA:519,4
DA:520,4
DA:521,4
DA:522,4
DA:523,4
DA:524,4
DA:525,4
DA:526,4
DA:527,4
DA:528,4
DA:529,4
DA:530,4
DA:531,4
DA:532,4
DA:533,4
DA:534,4
DA:535,4
DA:536,4
DA:538,1
DA:539,1
DA:540,1
DA:541,1
DA:542,1
DA:543,1
DA:544,1
DA:546,1
DA:550,25
DA:551,25
DA:552,14
DA:553,14
DA:554,14
DA:555,0
DA:557,14
DA:558,14
DA:561,4
DA:562,4
DA:563,0
DA:565,4
DA:568,0
DA:569,0
DA:570,0
DA:571,0
DA:572,7
DA:573,7
DA:574,7
DA:575,7
DA:576,0
DA:577,0
DA:578,0
DA:579,0
DA:581,25
DA:584,14
DA:586,14
DA:587,14
DA:588,14
DA:589,14
DA:592,4
DA:593,4
DA:594,4
DA:595,4
DA:596,4
DA:597,4
DA:598,4
DA:599,4
DA:600,4
DA:601,4
DA:604,3
DA:605,3
DA:606,3
DA:607,3
DA:608,3
DA:609,3
DA:610,3
DA:611,3
DA:612,3
DA:613,3
DA:614,3
DA:615,3
DA:616,2
DA:617,2
DA:619,1
DA:621,3
BRDA:252,0,0,0
BRDA:252,0,1,35
BRDA:252,1,2,0
BRDA:252,1,3,35
BRDA:257,0,0,32
BRDA:257,0,1,3
BRDA:349,0,0,17
BRDA:349,0,1,0
BRDA:384,0,0,-
BRDA:384,0,1,-
BRDA:486,0,0,1
BRDA:486,0,1,13
BRDA:486,1,2,1
BRDA:486,1,3,0
BRDA:542,0,0,1
BRDA:542,0,1,0
BRDA:554,0,0,0
BRDA:554,0,1,14
BRDA:562,0,0,0
BRDA:562,0,1,4
BRDA:615,0,0,2
BRDA:615,0,1,1
BRF:22
BRH:13
LF:512
LH:436
end_of_record
SF:/home/hsin4/myproject/typelang-hm-rs/src/lexer.rs
FN:257,_RNCNvNtCs2uvitLWOfC0_8typelang5lexer3lex0B5_
FN:82,_RNvMNtCs2uvitLWOfC0_8typelang5lexerNtB2_7LineMap3new
FN:96,_RNvMNtCs2uvitLWOfC0_8typelang5lexerNtB2_7LineMap6locate
FN:109,_RNvMNtCs2uvitLWOfC0_8typelang5lexerNtB2_7LineMap9line_text
FN:141,_RNvNtCs2uvitLWOfC0_8typelang5lexer11is_bindigit
FN:133,_RNvNtCs2uvitLWOfC0_8typelang5lexer11is_hexdigit
FN:137,_RNvNtCs2uvitLWOfC0_8typelang5lexer11is_octdigit
FN:149,_RNvNtCs2uvitLWOfC0_8typelang5lexer13is_ident_rest
FN:125,_RNvNtCs2uvitLWOfC0_8typelang5lexer13is_whitespace
FN:154,_RNvNtCs2uvitLWOfC0_8typelang5lexer15skip_whitespace
FN:233,_RNvNtCs2uvitLWOfC0_8typelang5lexer17push_simple_token
FN:171,_RNvNtCs2uvitLWOfC0_8typelang5lexer17skip_line_comment
FN:190,_RNvNtCs2uvitLWOfC0_8typelang5lexer18skip_block_comment
FN:252,_RNvNtCs2uvitLWOfC0_8typelang5lexer3lex
FN:129,_RNvNtCs2uvitLWOfC0_8typelang5lexer8is_digit
FN:145,_RNvNtCs2uvitLWOfC0_8typelang5lexer9is_letter
FN:82,_RNvMNtCsdipHdHAMW8K_8typelang5lexerNtB2_7LineMap3new
FN:96,_RNvMNtCsdipHdHAMW8K_8typelang5lexerNtB2_7LineMap6locate
FN:109,_RNvMNtCsdipHdHAMW8K_8typelang5lexerNtB2_7LineMap9line_text
FN:141,_RNvNtCsdipHdHAMW8K_8typelang5lexer11is_bindigit
FN:133,_RNvNtCsdipHdHAMW8K_8typelang5lexer11is_hexdigit
FN:137,_RNvNtCsdipHdHAMW8K_8typelang5lexer11is_octdigit
FN:149,_RNvNtCsdipHdHAMW8K_8typelang5lexer13is_ident_rest
FN:125,_RNvNtCsdipHdHAMW8K_8typelang5lexer13is_whitespace
FN:154,_RNvNtCsdipHdHAMW8K_8typelang5lexer15skip_whitespace
FN:233,_RNvNtCsdipHdHAMW8K_8typelang5lexer17push_simple_token
FN:171,_RNvNtCsdipHdHAMW8K_8typelang5lexer17skip_line_comment
FN:190,_RNvNtCsdipHdHAMW8K_8typelang5lexer18skip_block_comment
FN:252,_RNvNtCsdipHdHAMW8K_8typelang5lexer3lex
FN:129,_RNvNtCsdipHdHAMW8K_8typelang5lexer8is_digit
FN:145,_RNvNtCsdipHdHAMW8K_8typelang5lexer9is_letter
FN:257,_RNCNvNtCsdipHdHAMW8K_8typelang5lexer3lex0B5_
FNDA:7337,_RNCNvNtCs2uvitLWOfC0_8typelang5lexer3lex0B5_
FNDA:70,_RNvMNtCs2uvitLWOfC0_8typelang5lexerNtB2_7LineMap3new
FNDA:736,_RNvMNtCs2uvitLWOfC0_8typelang5lexerNtB2_7LineMap6locate
FNDA:8,_RNvMNtCs2uvitLWOfC0_8typelang5lexerNtB2_7LineMap9line_text
FNDA:9,_RNvNtCs2uvitLWOfC0_8typelang5lexer11is_bindigit
FNDA:7,_RNvNtCs2uvitLWOfC0_8typelang5lexer11is_hexdigit
FNDA:4,_RNvNtCs2uvitLWOfC0_8typelang5lexer11is_octdigit
FNDA:455,_RNvNtCs2uvitLWOfC0_8typelang5lexer13is_ident_rest
FNDA:1439,_RNvNtCs2uvitLWOfC0_8typelang5lexer13is_whitespace
FNDA:1063,_RNvNtCs2uvitLWOfC0_8typelang5lexer15skip_whitespace
FNDA:413,_RNvNtCs2uvitLWOfC0_8typelang5lexer17push_simple_token
FNDA:687,_RNvNtCs2uvitLWOfC0_8typelang5lexer17skip_line_comment
FNDA:691,_RNvNtCs2uvitLWOfC0_8typelang5lexer18skip_block_comment
FNDA:70,_RNvNtCs2uvitLWOfC0_8typelang5lexer3lex
FNDA:607,_RNvNtCs2uvitLWOfC0_8typelang5lexer8is_digit
FNDA:203,_RNvNtCs2uvitLWOfC0_8typelang5lexer9is_letter
FNDA:6,_RNvMNtCsdipHdHAMW8K_8typelang5lexerNtB2_7LineMap3new
FNDA:29,_RNvMNtCsdipHdHAMW8K_8typelang5lexerNtB2_7LineMap6locate
FNDA:0,_RNvMNtCsdipHdHAMW8K_8typelang5lexerNtB2_7LineMap9line_text
FNDA:0,_RNvNtCsdipHdHAMW8K_8typelang5lexer11is_bindigit
FNDA:0,_RNvNtCsdipHdHAMW8K_8typelang5lexer11is_hexdigit
FNDA:0,_RNvNtCsdipHdHAMW8K_8typelang5lexer11is_octdigit
FNDA:20,_RNvNtCsdipHdHAMW8K_8typelang5lexer13is_ident_rest
FNDA:53,_RNvNtCsdipHdHAMW8K_8typelang5lexer13is_whitespace
FNDA:38,_RNvNtCsdipHdHAMW8K_8typelang5lexer15skip_whitespace
FNDA:13,_RNvNtCsdipHdHAMW8K_8typelang5lexer17push_simple_token
FNDA:23,_RNvNtCsdipHdHAMW8K_8typelang5lexer17skip_line_comment
FNDA:23,_RNvNtCsdipHdHAMW8K_8typelang5lexer18skip_block_comment
FNDA:6,_RNvNtCsdipHdHAMW8K_8typelang5lexer3lex
FNDA:25,_RNvNtCsdipHdHAMW8K_8typelang5lexer8is_digit
FNDA:10,_RNvNtCsdipHdHAMW8K_8typelang5lexer9is_letter
FNDA:81,_RNCNvNtCsdipHdHAMW8K_8typelang5lexer3lex0B5_
FNF:16
FNH:16
DA:82,76
DA:83,76
DA:84,6894
DA:85,6894
DA:86,49
DA:87,49
DA:88,49
DA:89,49
DA:90,6845
DA:92,76
DA:93,76
DA:96,765
DA:97,765
DA:98,97
DA:99,0
DA:100,668
DA:102,765
DA:103,765
DA:104,765
DA:105,765
DA:106,765
DA:109,8
DA:110,8
DA:111,0
DA:112,8
DA:113,8
DA:114,8
DA:115,0
DA:116,8
DA:117,8
DA:118,8
DA:119,8
DA:120,8
DA:121,8
DA:125,1492
DA:126,1492
DA:127,1492
DA:129,632
DA:130,632
DA:131,632
DA:133,7
DA:134,7
DA:135,7
DA:137,4
DA:138,4
DA:139,4
DA:141,9
DA:142,9
DA:143,9
DA:145,213
DA:146,213
DA:147,213
DA:149,475
DA:150,475
DA:151,475
DA:154,1101
DA:155,1101
DA:156,1497
DA:157,1492
DA:158,0
DA:160,1492
DA:161,396
DA:162,396
DA:163,396
DA:164,1096
DA:167,1101
DA:168,1101
DA:171,710
DA:172,710
DA:173,695
DA:174,15
DA:175,15
DA:176,204
DA:177,204
DA:178,204
DA:179,204
DA:180,204
DA:181,204
DA:182,204
DA:183,15
DA:184,189
DA:186,15
DA:187,710
DA:190,714
DA:191,714
DA:192,714
DA:193,714
DA:194,714
DA:195,714
DA:196,710
DA:197,4
DA:198,4
DA:199,4
DA:200,66
DA:201,64
DA:202,3
DA:203,3
DA:204,3
DA:205,2
DA:206,2
DA:207,1
DA:208,1
DA:209,61
DA:210,61
DA:211,1
DA:212,1
DA:213,1
DA:214,60
DA:215,60
DA:216,0
DA:218,60
DA:220,2
DA:221,2
DA:222,2
DA:223,2
DA:224,2
DA:225,2
DA:226,2
DA:227,2
DA:228,2
DA:229,2
DA:230,714
DA:233,426
DA:234,426
DA:235,426
DA:236,426
DA:237,426
DA:238,426
DA:239,426
DA:240,426
DA:241,426
DA:242,426
DA:243,426
DA:244,426
DA:245,426
DA:246,426
DA:247,426
DA:248,426
DA:249,426
DA:252,76
DA:253,76
DA:254,76
DA:255,76
DA:256,76
DA:257,7418
DA:258,76
DA:259,1169
DA:260,1101
DA:261,387
DA:262,714
DA:263,714
DA:264,0
DA:265,714
DA:266,714
DA:267,2
DA:268,710
DA:269,710
DA:270,0
DA:271,710
DA:272,710
DA:273,15
DA:274,695
DA:275,695
DA:276,0
DA:277,695
DA:279,695
DA:280,695
DA:283,695
DA:284,695
DA:285,638
DA:287,13
DA:288,13
DA:289,13
DA:292,13
DA:293,13
DA:294,13
DA:297,5
DA:298,5
DA:299,5
DA:302,0
DA:303,0
DA:304,0
DA:307,1
DA:308,1
DA:309,1
DA:312,5
DA:313,5
DA:314,5
DA:317,0
DA:318,0
DA:319,0
DA:322,4
DA:323,4
DA:324,4
DA:326,597
DA:328,57
DA:329,0
DA:332,654
DA:334,5
DA:335,5
DA:336,5
DA:339,4
DA:340,4
DA:341,4
DA:344,0
DA:345,0
DA:346,0
DA:349,6
DA:350,6
DA:351,6
DA:354,11
DA:355,11
DA:356,11
DA:359,4
DA:360,4
DA:361,4
DA:364,4
DA:365,4
DA:366,4
DA:369,13
DA:370,13
DA:371,13
DA:374,79
DA:375,79
DA:376,79
DA:379,78
DA:380,78
DA:381,78
DA:384,5
DA:385,5
DA:386,5
DA:389,4
DA:390,4
DA:391,4
DA:394,11
DA:395,11
DA:396,11
DA:399,46
DA:400,46
DA:401,46
DA:404,46
DA:405,46
DA:406,46
DA:409,1
DA:410,1
DA:411,1
DA:414,0
DA:415,0
DA:416,0
DA:420,5
DA:421,5
DA:422,5
DA:423,5
DA:424,11
DA:425,11
DA:426,11
DA:427,11
DA:428,11
DA:429,10
DA:430,1
DA:431,1
DA:432,9
DA:433,9
DA:434,5
DA:435,5
DA:436,4
DA:437,4
DA:438,0
DA:439,4
DA:440,1
DA:441,1
DA:442,1
DA:443,1
DA:445,5
DA:446,0
DA:447,0
DA:448,0
DA:449,0
DA:450,0
DA:451,0
DA:452,0
DA:453,0
DA:454,0
DA:455,5
DA:456,5
DA:457,5
DA:458,5
DA:459,5
DA:460,5
DA:461,5
DA:462,5
DA:463,5
DA:464,5
DA:465,5
DA:469,5
DA:470,5
DA:471,5
DA:472,5
DA:473,5022
DA:474,5020
DA:475,5020
DA:476,5020
DA:477,5020
DA:478,5016
DA:479,4
DA:480,4
DA:481,5012
DA:482,5012
DA:483,3
DA:484,3
DA:485,5009
DA:486,5009
DA:487,0
DA:488,5009
DA:489,4
DA:490,4
DA:491,4
DA:493,5
DA:494,2
DA:495,2
DA:496,2
DA:497,2
DA:498,2
DA:499,2
DA:500,2
DA:501,2
DA:502,2
DA:503,3
DA:504,3
DA:505,3
DA:506,3
DA:507,3
DA:508,3
DA:509,3
DA:510,3
DA:511,3
DA:512,3
DA:513,3
DA:515,327
DA:519,327
DA:521,114
DA:522,14
DA:523,3
DA:524,3
DA:525,3
DA:526,7
DA:527,7
DA:528,7
DA:529,7
DA:530,4
DA:531,4
DA:532,4
DA:533,3
DA:536,3
DA:537,1
DA:538,1
DA:539,1
DA:540,1
DA:541,1
DA:542,1
DA:543,1
DA:544,1
DA:545,1
DA:546,2
DA:547,2
DA:548,2
DA:549,2
DA:550,2
DA:551,2
DA:552,2
DA:553,2
DA:554,2
DA:555,2
DA:556,11
DA:557,11
DA:558,2
DA:559,2
DA:560,2
DA:561,4
DA:562,4
DA:563,4
DA:564,4
DA:565,2
DA:566,2
DA:567,2
DA:568,2
DA:571,2
DA:572,1
DA:573,1
DA:574,1
DA:575,1
DA:576,1
DA:577,1
DA:578,1
DA:579,1
DA:580,1
DA:581,1
DA:582,1
DA:583,1
DA:584,1
DA:585,1
DA:586,1
DA:587,1
DA:588,1
DA:589,1
DA:590,1
DA:591,9
DA:592,9
DA:593,3
DA:594,3
DA:595,3
DA:596,10
DA:597,9
DA:598,9
DA:599,9
DA:600,7
DA:601,7
DA:602,7
DA:603,2
DA:606,3
DA:607,1
DA:608,1
DA:609,1
DA:610,1
DA:611,1
DA:612,1
DA:613,1
DA:614,1
DA:615,1
DA:616,2
DA:617,2
DA:618,2
DA:619,2
DA:620,2
DA:621,2
DA:622,2
DA:623,2
DA:624,2
DA:625,2
DA:626,6
DA:627,100
DA:629,106
DA:631,312
DA:632,282
DA:633,282
DA:634,206
DA:635,206
DA:636,76
DA:640,106
DA:641,106
DA:642,76
DA:643,10
DA:644,10
DA:645,10
DA:647,10
DA:648,10
DA:649,20
DA:650,19
DA:651,19
DA:652,19
DA:653,10
DA:654,10
DA:655,9
DA:658,0
DA:659,0
DA:660,66
DA:661,30
DA:663,106
DA:664,75
DA:665,2
DA:666,2
DA:667,1
DA:668,1
DA:669,2
DA:670,4
DA:671,4
DA:672,4
DA:673,2
DA:674,2
DA:675,2
DA:676,2
DA:679,2
DA:680,2
DA:681,2
DA:682,2
DA:683,0
DA:684,73
DA:685,31
DA:686,106
DA:687,106
DA:688,11
DA:690,95
DA:692,106
DA:693,106
DA:694,106
DA:695,106
DA:696,106
DA:697,106
DA:698,106
DA:699,106
DA:700,106
DA:701,213
DA:704,213
DA:705,212
DA:706,212
DA:707,482
DA:708,475
DA:709,475
DA:710,270
DA:711,270
DA:712,205
DA:715,212
DA:717,212
DA:718,212
DA:719,212
DA:720,45
DA:721,45
DA:722,45
DA:723,45
DA:724,45
DA:725,45
DA:726,167
DA:727,2
DA:728,2
DA:729,2
DA:730,2
DA:731,2
DA:732,2
DA:733,165
DA:734,5
DA:735,5
DA:736,5
DA:737,5
DA:738,5
DA:739,5
DA:740,160
DA:741,5
DA:742,5
DA:743,5
DA:744,5
DA:745,5
DA:746,5
DA:747,155
DA:748,4
DA:749,4
DA:750,4
DA:751,4
DA:752,4
DA:753,4
DA:754,151
DA:755,4
DA:756,4
DA:757,4
DA:758,4
DA:759,4
DA:760,4
DA:761,147
DA:762,0
DA:763,0
DA:764,0
DA:765,0
DA:766,0
DA:767,0
DA:769,147
DA:770,147
DA:771,147
DA:772,147
DA:773,147
DA:774,11
DA:775,11
DA:776,11
DA:777,11
DA:778,11
DA:779,11
DA:780,11
DA:782,136
DA:783,136
DA:784,136
DA:785,136
DA:786,136
DA:787,136
DA:788,136
DA:792,212
DA:793,212
DA:794,1
DA:796,1
DA:797,1
DA:798,1
DA:799,1
DA:800,1
DA:801,1
DA:802,1
DA:803,1
DA:804,1
DA:806,68
DA:807,68
DA:808,76
BRDA:85,0,0,49
BRDA:85,0,1,6845
BRDA:87,0,0,49
BRDA:87,0,1,0
BRDA:110,0,0,0
BRDA:110,0,1,8
BRDA:114,0,0,0
BRDA:114,0,1,8
BRDA:146,0,0,212
BRDA:146,0,1,1
BRDA:150,0,0,268
BRDA:150,0,1,207
BRDA:150,1,2,2
BRDA:150,1,3,205
BRDA:156,0,0,1492
BRDA:156,0,1,5
BRDA:157,0,0,1492
BRDA:157,0,1,0
BRDA:160,0,0,396
BRDA:160,0,1,1096
BRDA:172,0,0,695
BRDA:172,0,1,15
BRDA:176,0,0,204
BRDA:176,0,1,0
BRDA:182,0,0,15
BRDA:182,0,1,189
BRDA:195,0,0,710
BRDA:195,0,1,4
BRDA:200,0,0,64
BRDA:200,0,1,2
BRDA:201,0,0,3
BRDA:201,0,1,61
BRDA:204,0,0,2
BRDA:204,0,1,1
BRDA:210,0,0,1
BRDA:210,0,1,60
BRDA:215,0,0,60
BRDA:215,0,1,0
BRDA:259,0,0,1101
BRDA:259,0,1,68
BRDA:260,0,0,387
BRDA:260,0,1,714
BRDA:263,0,0,0
BRDA:263,0,1,714
BRDA:266,0,0,2
BRDA:266,0,1,710
BRDA:269,0,0,0
BRDA:269,0,1,710
BRDA:272,0,0,15
BRDA:272,0,1,695
BRDA:275,0,0,0
BRDA:275,0,1,695
BRDA:279,0,0,695
BRDA:279,0,1,0
BRDA:283,0,0,695
BRDA:283,0,1,0
BRDA:284,0,0,638
BRDA:284,0,1,57
BRDA:424,0,0,11
BRDA:424,0,1,0
BRDA:428,0,0,10
BRDA:428,0,1,1
BRDA:429,0,0,1
BRDA:429,0,1,9
BRDA:433,0,0,5
BRDA:433,0,1,4
BRDA:437,0,0,0
BRDA:437,0,1,4
BRDA:445,0,0,0
BRDA:445,0,1,5
BRDA:473,0,0,5020
BRDA:473,0,1,2
BRDA:477,0,0,5016
BRDA:477,0,1,4
BRDA:478,0,0,4
BRDA:478,0,1,5012
BRDA:482,0,0,3
BRDA:482,0,1,5009
BRDA:486,0,0,0
BRDA:486,0,1,5009
BRDA:493,0,0,2
BRDA:493,0,1,3
BRDA:519,0,0,114
BRDA:519,0,1,213
BRDA:521,0,0,14
BRDA:521,0,1,100
BRDA:522,0,0,3
BRDA:522,0,1,11
BRDA:526,0,0,7
BRDA:526,0,1,0
BRDA:529,0,0,4
BRDA:529,0,1,3
BRDA:536,0,0,1
BRDA:536,0,1,2
BRDA:557,0,0,2
BRDA:557,0,1,9
BRDA:561,0,0,4
BRDA:561,0,1,0
BRDA:564,0,0,2
BRDA:564,0,1,2
BRDA:571,0,0,1
BRDA:571,0,1,1
BRDA:592,0,0,3
BRDA:592,0,1,6
BRDA:596,0,0,9
BRDA:596,0,1,1
BRDA:599,0,0,7
BRDA:599,0,1,2
BRDA:606,0,0,1
BRDA:606,0,1,2
BRDA:631,0,0,282
BRDA:631,0,1,30
BRDA:633,0,0,206
BRDA:633,0,1,76
BRDA:641,0,0,76
BRDA:641,0,1,30
BRDA:642,0,0,10
BRDA:642,0,1,66
BRDA:644,0,0,10
BRDA:644,0,1,0
BRDA:645,0,0,10
BRDA:645,0,1,0
BRDA:649,0,0,19
BRDA:649,0,1,1
BRDA:652,0,0,10
BRDA:652,0,1,9
BRDA:663,0,0,75
BRDA:663,0,1,31
BRDA:664,0,0,2
BRDA:664,0,1,73
BRDA:666,0,0,1
BRDA:666,0,1,1
BRDA:670,0,0,4
BRDA:670,0,1,0
BRDA:672,0,0,2
BRDA:672,0,1,2
BRDA:679,0,0,2
BRDA:679,0,1,0
BRDA:687,0,0,11
BRDA:687,0,1,95
BRDA:704,0,0,212
BRDA:704,0,1,1
BRDA:707,0,0,475
BRDA:707,0,1,7
BRDA:709,0,0,270
BRDA:709,0,1,205
BRDA:773,0,0,11
BRDA:773,0,1,136
BRF:148
BRH:127
LF:598
LH:557
end_of_record
SF:/home/hsin4/myproject/typelang-hm-rs/src/parser.rs
FN:36,_RNvMNtCs2uvitLWOfC0_8typelang6parserNtB2_9InfixSpec8contains
FN:334,_RNvMs_NtCs2uvitLWOfC0_8typelang6parserNtB4_6Parser10parse_atom
FN:172,_RNvMs_NtCs2uvitLWOfC0_8typelang6parserNtB4_6Parser10parse_expr
FN:538,_RNvMs_NtCs2uvitLWOfC0_8typelang6parserNtB4_6Parser10parse_type
FN:196,_RNvMs_NtCs2uvitLWOfC0_8typelang6parserNtB4_6Parser12parse_lambda
FN:211,_RNvMs_NtCs2uvitLWOfC0_8typelang6parserNtB4_6Parser12parse_let_in
FN:123,_RNvMs_NtCs2uvitLWOfC0_8typelang6parserNtB4_6Parser13parse_program
FN:549,_RNvMs_NtCs2uvitLWOfC0_8typelang6parserNtB4_6Parser14parse_type_app
FN:291,_RNvMs_NtCs2uvitLWOfC0_8typelang6parserNtB4_6Parser15parse_infix_non
FN:561,_RNvMs_NtCs2uvitLWOfC0_8typelang6parserNtB4_6Parser15parse_type_atom
FN:528,_RNvMs_NtCs2uvitLWOfC0_8typelang6parserNtB4_6Parser16parse_constraint
FN:262,_RNvMs_NtCs2uvitLWOfC0_8typelang6parserNtB4_6Parser16parse_infix_left
FN:458,_RNvMs_NtCs2uvitLWOfC0_8typelang6parserNtB4_6Parser16parse_sigma_type
FN:250,_RNvMs_NtCs2uvitLWOfC0_8typelang6parserNtB4_6Parser17parse_infix_level
FN:276,_RNvMs_NtCs2uvitLWOfC0_8typelang6parserNtB4_6Parser17parse_infix_right
FN:478,_RNvMs_NtCs2uvitLWOfC0_8typelang6parserNtB4_6Parser17try_parse_context
FN:186,_RNvMs_NtCs2uvitLWOfC0_8typelang6parserNtB4_6Parser19parse_expr_no_annot
FN:159,_RNvMs_NtCs2uvitLWOfC0_8typelang6parserNtB4_6Parser26__expect_semicolon_optional
FN:70,_RNvMs_NtCs2uvitLWOfC0_8typelang6parserNtB4_6Parser3new
FN:88,_RNvMs_NtCs2uvitLWOfC0_8typelang6parserNtB4_6Parser3pop
FN:74,_RNvMs_NtCs2uvitLWOfC0_8typelang6parserNtB4_6Parser4peek
FN:103,_RNvMs_NtCs2uvitLWOfC0_8typelang6parserNtB4_6Parser6accept
FN:78,_RNvMs_NtCs2uvitLWOfC0_8typelang6parserNtB4_6Parser7pop_any
FN:236,_RNvMs_NtCs2uvitLWOfC0_8typelang6parserNtB4_6Parser8parse_if
FN:307,_RNvMs_NtCs2uvitLWOfC0_8typelang6parserNtB4_6Parser9parse_app
FN:84,_RNvMs_NtCs2uvitLWOfC0_8typelang6parserNtB4_6Parser9peek_kind
FN:668,_RNvNtCs2uvitLWOfC0_8typelang6parser10parse_expr
FN:637,_RNvNtCs2uvitLWOfC0_8typelang6parser11decode_char
FN:606,_RNvNtCs2uvitLWOfC0_8typelang6parser13decode_string
FN:663,_RNvNtCs2uvitLWOfC0_8typelang6parser13parse_program
FN:37,_RNCNvMNtCs2uvitLWOfC0_8typelang6parserNtB4_9InfixSpec8contains0B6_
FN:85,_RNCNvMs_NtCs2uvitLWOfC0_8typelang6parserNtB6_6Parser9peek_kind0B8_
FN:669,_RNCNvNtCs2uvitLWOfC0_8typelang6parser10parse_expr0B5_
FN:656,_RNCNvNtCs2uvitLWOfC0_8typelang6parser11decode_char0B5_
FN:664,_RNCNvNtCs2uvitLWOfC0_8typelang6parser13parse_program0B5_
FN:691,_RNvNtNtCsdipHdHAMW8K_8typelang6parser5testss_27decode_string_basic_escapes
FN:699,_RNvNtNtCsdipHdHAMW8K_8typelang6parser5testss_29decode_char_escapes_and_plain
FN:37,_RNCNvMNtCsdipHdHAMW8K_8typelang6parserNtB4_9InfixSpec8contains0B6_
FN:85,_RNCNvMs_NtCsdipHdHAMW8K_8typelang6parserNtB6_6Parser9peek_kind0B8_
FN:669,_RNCNvNtCsdipHdHAMW8K_8typelang6parser10parse_expr0B5_
FN:656,_RNCNvNtCsdipHdHAMW8K_8typelang6parser11decode_char0B5_
FN:664,_RNCNvNtCsdipHdHAMW8K_8typelang6parser13parse_program0B5_
FN:36,_RNvMNtCsdipHdHAMW8K_8typelang6parserNtB2_9InfixSpec8contains
FN:334,_RNvMs_NtCsdipHdHAMW8K_8typelang6parserNtB4_6Parser10parse_atom
FN:172,_RNvMs_NtCsdipHdHAMW8K_8typelang6parserNtB4_6Parser10parse_expr
FN:538,_RNvMs_NtCsdipHdHAMW8K_8typelang6parserNtB4_6Parser10parse_type
FN:196,_RNvMs_NtCsdipHdHAMW8K_8typelang6parserNtB4_6Parser12parse_lambda
FN:211,_RNvMs_NtCsdipHdHAMW8K_8typelang6parserNtB4_6Parser12parse_let_in
FN:123,_RNvMs_NtCsdipHdHAMW8K_8typelang6parserNtB4_6Parser13parse_program
FN:549,_RNvMs_NtCsdipHdHAMW8K_8typelang6parserNtB4_6Parser14parse_type_app
FN:291,_RNvMs_NtCsdipHdHAMW8K_8typelang6parserNtB4_6Parser15parse_infix_non
FN:561,_RNvMs_NtCsdipHdHAMW8K_8typelang6parserNtB4_6Parser15parse_type_atom
FN:528,_RNvMs_NtCsdipHdHAMW8K_8typelang6parserNtB4_6Parser16parse_constraint
FN:262,_RNvMs_NtCsdipHdHAMW8K_8typelang6parserNtB4_6Parser16parse_infix_left
FN:458,_RNvMs_NtCsdipHdHAMW8K_8typelang6parserNtB4_6Parser16parse_sigma_type
FN:250,_RNvMs_NtCsdipHdHAMW8K_8typelang6parserNtB4_6Parser17parse_infix_level
FN:276,_RNvMs_NtCsdipHdHAMW8K_8typelang6parserNtB4_6Parser17parse_infix_right
FN:478,_RNvMs_NtCsdipHdHAMW8K_8typelang6parserNtB4_6Parser17try_parse_context
FN:186,_RNvMs_NtCsdipHdHAMW8K_8typelang6parserNtB4_6Parser19parse_expr_no_annot
FN:159,_RNvMs_NtCsdipHdHAMW8K_8typelang6parserNtB4_6Parser26__expect_semicolon_optional
FN:70,_RNvMs_NtCsdipHdHAMW8K_8typelang6parserNtB4_6Parser3new
FN:88,_RNvMs_NtCsdipHdHAMW8K_8typelang6parserNtB4_6Parser3pop
FN:74,_RNvMs_NtCsdipHdHAMW8K_8typelang6parserNtB4_6Parser4peek
FN:103,_RNvMs_NtCsdipHdHAMW8K_8typelang6parserNtB4_6Parser6accept
FN:78,_RNvMs_NtCsdipHdHAMW8K_8typelang6parserNtB4_6Parser7pop_any
FN:236,_RNvMs_NtCsdipHdHAMW8K_8typelang6parserNtB4_6Parser8parse_if
FN:307,_RNvMs_NtCsdipHdHAMW8K_8typelang6parserNtB4_6Parser9parse_app
FN:84,_RNvMs_NtCsdipHdHAMW8K_8typelang6parserNtB4_6Parser9peek_kind
FN:668,_RNvNtCsdipHdHAMW8K_8typelang6parser10parse_expr
FN:637,_RNvNtCsdipHdHAMW8K_8typelang6parser11decode_char
FN:606,_RNvNtCsdipHdHAMW8K_8typelang6parser13decode_string
FN:663,_RNvNtCsdipHdHAMW8K_8typelang6parser13parse_program
FNDA:742,_RNvMNtCs2uvitLWOfC0_8typelang6parserNtB2_9InfixSpec8contains
FNDA:228,_RNvMs_NtCs2uvitLWOfC0_8typelang6parserNtB4_6Parser10parse_atom
FNDA:178,_RNvMs_NtCs2uvitLWOfC0_8typelang6parserNtB4_6Parser10parse_expr
FNDA:22,_RNvMs_NtCs2uvitLWOfC0_8typelang6parserNtB4_6Parser10parse_type
FNDA:3,_RNvMs_NtCs2uvitLWOfC0_8typelang6parserNtB4_6Parser12parse_lambda
FNDA:2,_RNvMs_NtCs2uvitLWOfC0_8typelang6parserNtB4_6Parser12parse_let_in
FNDA:9,_RNvMs_NtCs2uvitLWOfC0_8typelang6parserNtB4_6Parser13parse_program
FNDA:22,_RNvMs_NtCs2uvitLWOfC0_8typelang6parserNtB4_6Parser14parse_type_app
FNDA:169,_RNvMs_NtCs2uvitLWOfC0_8typelang6parserNtB4_6Parser15parse_infix_non
FNDA:22,_RNvMs_NtCs2uvitLWOfC0_8typelang6parserNtB4_6Parser15parse_type_atom
FNDA:5,_RNvMs_NtCs2uvitLWOfC0_8typelang6parserNtB4_6Parser16parse_constraint
FNDA:363,_RNvMs_NtCs2uvitLWOfC0_8typelang6parserNtB4_6Parser16parse_infix_left
FNDA:9,_RNvMs_NtCs2uvitLWOfC0_8typelang6parserNtB4_6Parser16parse_sigma_type
FNDA:950,_RNvMs_NtCs2uvitLWOfC0_8typelang6parserNtB4_6Parser17parse_infix_level
FNDA:209,_RNvMs_NtCs2uvitLWOfC0_8typelang6parserNtB4_6Parser17parse_infix_right
FNDA:6,_RNvMs_NtCs2uvitLWOfC0_8typelang6parserNtB4_6Parser17try_parse_context
FNDA:178,_RNvMs_NtCs2uvitLWOfC0_8typelang6parserNtB4_6Parser19parse_expr_no_annot
FNDA:30,_RNvMs_NtCs2uvitLWOfC0_8typelang6parserNtB4_6Parser26__expect_semicolon_optional
FNDA:51,_RNvMs_NtCs2uvitLWOfC0_8typelang6parserNtB4_6Parser3new
FNDA:194,_RNvMs_NtCs2uvitLWOfC0_8typelang6parserNtB4_6Parser3pop
FNDA:2101,_RNvMs_NtCs2uvitLWOfC0_8typelang6parserNtB4_6Parser4peek
FNDA:333,_RNvMs_NtCs2uvitLWOfC0_8typelang6parserNtB4_6Parser6accept
FNDA:384,_RNvMs_NtCs2uvitLWOfC0_8typelang6parserNtB4_6Parser7pop_any
FNDA:4,_RNvMs_NtCs2uvitLWOfC0_8typelang6parserNtB4_6Parser8parse_if
FNDA:209,_RNvMs_NtCs2uvitLWOfC0_8typelang6parserNtB4_6Parser9parse_app
FNDA:6,_RNvMs_NtCs2uvitLWOfC0_8typelang6parserNtB4_6Parser9peek_kind
FNDA:42,_RNvNtCs2uvitLWOfC0_8typelang6parser10parse_expr
FNDA:3,_RNvNtCs2uvitLWOfC0_8typelang6parser11decode_char
FNDA:1,_RNvNtCs2uvitLWOfC0_8typelang6parser13decode_string
FNDA:9,_RNvNtCs2uvitLWOfC0_8typelang6parser13parse_program
FNDA:2089,_RNCNvMNtCs2uvitLWOfC0_8typelang6parserNtB4_9InfixSpec8contains0B6_
FNDA:6,_RNCNvMs_NtCs2uvitLWOfC0_8typelang6parserNtB6_6Parser9peek_kind0B8_
FNDA:0,_RNCNvNtCs2uvitLWOfC0_8typelang6parser10parse_expr0B5_
FNDA:0,_RNCNvNtCs2uvitLWOfC0_8typelang6parser11decode_char0B5_
FNDA:0,_RNCNvNtCs2uvitLWOfC0_8typelang6parser13parse_program0B5_
FNDA:1,_RNvNtNtCsdipHdHAMW8K_8typelang6parser5testss_27decode_string_basic_escapes
FNDA:1,_RNvNtNtCsdipHdHAMW8K_8typelang6parser5testss_29decode_char_escapes_and_plain
FNDA:77,_RNCNvMNtCsdipHdHAMW8K_8typelang6parserNtB4_9InfixSpec8contains0B6_
FNDA:0,_RNCNvMs_NtCsdipHdHAMW8K_8typelang6parserNtB6_6Parser9peek_kind0B8_
FNDA:0,_RNCNvNtCsdipHdHAMW8K_8typelang6parser10parse_expr0B5_
FNDA:0,_RNCNvNtCsdipHdHAMW8K_8typelang6parser11decode_char0B5_
FNDA:0,_RNCNvNtCsdipHdHAMW8K_8typelang6parser13parse_program0B5_
FNDA:27,_RNvMNtCsdipHdHAMW8K_8typelang6parserNtB2_9InfixSpec8contains
FNDA:7,_RNvMs_NtCsdipHdHAMW8K_8typelang6parserNtB4_6Parser10parse_atom
FNDA:7,_RNvMs_NtCsdipHdHAMW8K_8typelang6parserNtB4_6Parser10parse_expr
FNDA:0,_RNvMs_NtCsdipHdHAMW8K_8typelang6parserNtB4_6Parser10parse_type
FNDA:0,_RNvMs_NtCsdipHdHAMW8K_8typelang6parserNtB4_6Parser12parse_lambda
FNDA:1,_RNvMs_NtCsdipHdHAMW8K_8typelang6parserNtB4_6Parser12parse_let_in
FNDA:3,_RNvMs_NtCsdipHdHAMW8K_8typelang6parserNtB4_6Parser13parse_program
FNDA:0,_RNvMs_NtCsdipHdHAMW8K_8typelang6parserNtB4_6Parser14parse_type_app
FNDA:6,_RNvMs_NtCsdipHdHAMW8K_8typelang6parserNtB4_6Parser15parse_infix_non
FNDA:0,_RNvMs_NtCsdipHdHAMW8K_8typelang6parserNtB4_6Parser15parse_type_atom
FNDA:0,_RNvMs_NtCsdipHdHAMW8K_8typelang6parserNtB4_6Parser16parse_constraint
FNDA:13,_RNvMs_NtCsdipHdHAMW8K_8typelang6parserNtB4_6Parser16parse_infix_left
FNDA:0,_RNvMs_NtCsdipHdHAMW8K_8typelang6parserNtB4_6Parser16parse_sigma_type
FNDA:33,_RNvMs_NtCsdipHdHAMW8K_8typelang6parserNtB4_6Parser17parse_infix_level
FNDA:7,_RNvMs_NtCsdipHdHAMW8K_8typelang6parserNtB4_6Parser17parse_infix_right
FNDA:0,_RNvMs_NtCsdipHdHAMW8K_8typelang6parserNtB4_6Parser17try_parse_context
FNDA:7,_RNvMs_NtCsdipHdHAMW8K_8typelang6parserNtB4_6Parser19parse_expr_no_annot
FNDA:3,_RNvMs_NtCsdipHdHAMW8K_8typelang6parserNtB4_6Parser26__expect_semicolon_optional
FNDA:6,_RNvMs_NtCsdipHdHAMW8K_8typelang6parserNtB4_6Parser3new
FNDA:13,_RNvMs_NtCsdipHdHAMW8K_8typelang6parserNtB4_6Parser3pop
FNDA:87,_RNvMs_NtCsdipHdHAMW8K_8typelang6parserNtB4_6Parser4peek
FNDA:10,_RNvMs_NtCsdipHdHAMW8K_8typelang6parserNtB4_6Parser6accept
FNDA:11,_RNvMs_NtCsdipHdHAMW8K_8typelang6parserNtB4_6Parser7pop_any
FNDA:0,_RNvMs_NtCsdipHdHAMW8K_8typelang6parserNtB4_6Parser8parse_if
FNDA:7,_RNvMs_NtCsdipHdHAMW8K_8typelang6parserNtB4_6Parser9parse_app
FNDA:0,_RNvMs_NtCsdipHdHAMW8K_8typelang6parserNtB4_6Parser9peek_kind
FNDA:3,_RNvNtCsdipHdHAMW8K_8typelang6parser10parse_expr
FNDA:4,_RNvNtCsdipHdHAMW8K_8typelang6parser11decode_char
FNDA:3,_RNvNtCsdipHdHAMW8K_8typelang6parser13decode_string
FNDA:3,_RNvNtCsdipHdHAMW8K_8typelang6parser13parse_program
FNF:37
FNH:34
DA:36,769
DA:37,2166
DA:38,769
DA:70,57
DA:71,57
DA:72,57
DA:74,2188
DA:75,2188
DA:76,2188
DA:78,395
DA:79,395
DA:80,395
DA:81,395
DA:82,395
DA:84,6
DA:85,6
DA:86,6
DA:88,207
DA:89,207
DA:90,207
DA:91,4
DA:92,4
DA:93,4
DA:94,4
DA:95,4
DA:96,4
DA:97,4
DA:98,203
DA:99,203
DA:100,203
DA:101,207
DA:103,343
DA:104,343
DA:105,65
DA:106,65
DA:108,278
DA:110,343
DA:123,12
DA:124,12
DA:125,36
DA:126,25
DA:128,25
DA:129,25
DA:130,9
DA:131,9
DA:132,9
DA:133,9
DA:134,0
DA:135,0
DA:136,0
DA:137,16
DA:139,25
DA:140,25
DA:141,25
DA:142,42
DA:143,17
DA:144,17
DA:145,25
DA:146,25
DA:147,24
DA:148,24
DA:149,24
DA:150,24
DA:151,24
DA:152,24
DA:153,24
DA:155,11
DA:156,12
DA:159,33
DA:160,33
DA:161,33
DA:162,33
DA:172,185
DA:173,185
DA:174,180
DA:175,4
DA:176,4
DA:177,4
DA:178,4
DA:179,4
DA:181,176
DA:183,185
DA:186,185
DA:187,185
DA:188,3
DA:189,3
DA:190,4
DA:191,175
DA:193,185
DA:196,3
DA:197,3
DA:198,3
DA:199,6
DA:200,3
DA:201,3
DA:202,3
DA:203,3
DA:204,3
DA:205,3
DA:206,3
DA:207,3
DA:208,3
DA:211,3
DA:212,3
DA:213,3
DA:215,4
DA:216,4
DA:217,7
DA:218,3
DA:219,3
DA:220,4
DA:221,4
DA:222,4
DA:223,4
DA:224,3
DA:225,1
DA:227,3
DA:228,2
DA:229,2
DA:230,2
DA:231,2
DA:232,2
DA:233,3
DA:236,4
DA:237,4
DA:238,4
DA:239,4
DA:240,4
DA:241,4
DA:242,3
DA:243,3
DA:244,3
DA:245,3
DA:246,3
DA:247,3
DA:248,4
DA:250,983
DA:251,983
DA:252,216
DA:253,767
DA:254,767
DA:255,767
DA:256,376
DA:257,216
DA:258,175
DA:260,983
DA:262,376
DA:263,376
DA:264,384
DA:265,14
DA:266,14
DA:267,14
DA:268,14
DA:269,14
DA:270,14
DA:271,14
DA:273,370
DA:274,376
DA:276,216
DA:277,216
DA:278,213
DA:279,17
DA:280,17
DA:281,17
DA:282,17
DA:283,17
DA:284,17
DA:285,17
DA:287,196
DA:289,216
DA:291,175
DA:292,175
DA:293,172
DA:294,10
DA:295,10
DA:296,10
DA:297,10
DA:298,10
DA:299,10
DA:300,10
DA:302,162
DA:304,175
DA:307,216
DA:308,216
DA:322,222
DA:324,9
DA:325,9
DA:326,9
DA:327,9
DA:328,9
DA:330,213
DA:331,216
DA:334,235
DA:335,235
DA:336,235
DA:338,10
DA:339,10
DA:340,10
DA:341,10
DA:342,10
DA:343,10
DA:344,10
DA:345,10
DA:346,10
DA:347,10
DA:350,90
DA:351,90
DA:352,90
DA:353,0
DA:354,0
DA:355,0
DA:356,90
DA:358,90
DA:359,89
DA:360,89
DA:361,0
DA:362,0
DA:363,0
DA:364,89
DA:366,89
DA:368,1
DA:369,1
DA:370,1
DA:371,1
DA:372,1
DA:376,8
DA:377,8
DA:378,8
DA:379,0
DA:380,0
DA:381,0
DA:382,0
DA:383,0
DA:384,0
DA:385,0
DA:389,3
DA:390,3
DA:391,3
DA:394,1
DA:395,1
DA:396,1
DA:399,3
DA:400,3
DA:403,0
DA:404,0
DA:407,35
DA:408,35
DA:411,1
DA:412,1
DA:413,1
DA:414,1
DA:415,1
DA:418,0
DA:419,0
DA:422,79
DA:423,79
DA:424,79
DA:425,6
DA:426,6
DA:427,0
DA:429,6
DA:430,6
DA:432,73
DA:433,72
DA:437,5
DA:438,5
DA:439,5
DA:440,5
DA:441,10
DA:442,5
DA:444,0
DA:445,5
DA:446,4
DA:448,0
DA:449,0
DA:450,0
DA:451,0
DA:452,0
DA:454,235
DA:458,9
DA:460,9
DA:461,9
DA:462,6
DA:463,6
DA:464,5
DA:465,5
DA:466,1
DA:467,1
DA:468,1
DA:469,3
DA:470,9
DA:471,9
DA:472,9
DA:473,9
DA:474,9
DA:475,9
DA:478,6
DA:479,6
DA:481,6
DA:482,1
DA:483,5
DA:484,5
DA:485,5
DA:486,5
DA:487,5
DA:489,0
DA:490,0
DA:494,0
DA:495,0
DA:496,0
DA:497,0
DA:499,0
DA:500,0
DA:501,0
DA:502,0
DA:503,0
DA:504,0
DA:505,0
DA:507,0
DA:508,0
DA:509,0
DA:510,0
DA:512,0
DA:513,0
DA:514,0
DA:515,0
DA:516,0
DA:517,0
DA:519,0
DA:520,0
DA:523,0
DA:525,6
DA:528,5
DA:529,5
DA:530,5
DA:531,5
DA:532,5
DA:533,5
DA:534,5
DA:535,5
DA:538,22
DA:539,22
DA:540,22
DA:541,9
DA:542,9
DA:544,13
DA:546,22
DA:549,22
DA:550,22
DA:552,22
DA:554,0
DA:555,0
DA:557,22
DA:558,22
DA:561,22
DA:562,22
DA:563,22
DA:565,16
DA:566,16
DA:569,6
DA:570,6
DA:573,0
DA:574,0
DA:575,0
DA:576,0
DA:577,0
DA:578,0
DA:580,0
DA:581,0
DA:583,0
DA:584,0
DA:588,0
DA:589,0
DA:590,0
DA:591,0
DA:593,0
DA:594,0
DA:595,0
DA:596,0
DA:597,0
DA:598,0
DA:599,0
DA:601,22
DA:606,4
DA:608,4
DA:609,0
DA:610,4
DA:611,4
DA:612,4
DA:613,4
DA:614,5009
DA:615,5005
DA:617,3
DA:618,0
DA:620,3
DA:621,1
DA:622,0
DA:623,1
DA:624,1
DA:625,0
DA:626,0
DA:627,0
DA:629,5002
DA:630,5002
DA:631,5002
DA:633,4
DA:634,4
DA:637,7
DA:638,7
DA:639,0
DA:640,7
DA:641,7
DA:642,7
DA:643,2
DA:644,1
DA:645,0
DA:646,0
DA:647,0
DA:648,1
DA:649,0
DA:650,0
DA:651,0
DA:654,5
DA:655,5
DA:656,5
DA:658,7
DA:659,7
DA:663,12
DA:664,12
DA:665,12
DA:666,12
DA:668,45
DA:669,45
DA:670,45
DA:671,45
DA:672,41
DA:673,1
DA:674,1
DA:675,1
DA:676,1
DA:677,1
DA:678,1
DA:679,1
DA:680,1
DA:681,40
DA:682,40
DA:683,45
DA:691,1
DA:692,1
DA:693,1
DA:694,1
DA:695,1
DA:699,1
DA:700,1
DA:701,1
DA:702,1
DA:703,1
DA:704,1
BRDA:90,0,0,4
BRDA:90,0,1,203
BRDA:104,0,0,65
BRDA:104,0,1,278
BRDA:125,0,0,25
BRDA:125,0,1,11
BRDA:129,0,0,9
BRDA:129,0,1,16
BRDA:131,0,0,9
BRDA:131,0,1,0
BRDA:142,0,0,17
BRDA:142,0,1,25
BRDA:174,0,0,4
BRDA:174,0,1,176
BRDA:199,0,0,3
BRDA:199,0,1,3
BRDA:217,0,0,3
BRDA:217,0,1,4
BRDA:223,0,0,3
BRDA:223,0,1,1
BRDA:251,0,0,216
BRDA:251,0,1,767
BRDA:264,0,0,14
BRDA:264,0,1,370
BRDA:278,0,0,17
BRDA:278,0,1,196
BRDA:293,0,0,10
BRDA:293,0,1,162
BRDA:309,0,0,9
BRDA:309,0,1,213
BRDA:424,0,0,6
BRDA:424,0,1,73
BRDA:426,0,0,0
BRDA:426,0,1,6
BRDA:439,0,0,5
BRDA:439,0,1,0
BRDA:441,0,0,5
BRDA:441,0,1,5
BRDA:463,0,0,5
BRDA:463,0,1,1
BRDA:481,0,0,1
BRDA:481,0,1,5
BRDA:486,0,0,5
BRDA:486,0,1,0
BRDA:503,0,0,-
BRDA:503,0,1,-
BRDA:512,0,0,-
BRDA:512,0,1,-
BRDA:516,0,0,-
BRDA:516,0,1,-
BRDA:540,0,0,9
BRDA:540,0,1,13
BRDA:551,0,0,0
BRDA:551,0,1,22
BRDA:575,0,0,-
BRDA:575,0,1,-
BRDA:577,0,0,-
BRDA:577,0,1,-
BRDA:608,0,0,0
BRDA:608,0,1,4
BRDA:608,1,2,0
BRDA:608,1,3,4
BRDA:614,0,0,5005
BRDA:614,0,1,4
BRDA:615,0,0,3
BRDA:615,0,1,5002
BRDA:617,0,0,3
BRDA:617,0,1,0
BRDA:638,0,0,0
BRDA:638,0,1,7
BRDA:638,1,2,0
BRDA:638,1,3,7
BRDA:642,0,0,2
BRDA:642,0,1,5
BRDA:672,0,0,1
BRDA:672,0,1,40
BRF:76
BRH:56
LF:463
LH:371
end_of_record
SF:/home/hsin4/myproject/typelang-hm-rs/src/repl/cmd.rs
FN:257,_RINvNtNtCs2uvitLWOfC0_8typelang4repl3cmd11handle_loadNtB2_4FsIoEB6_
FN:281,_RINvNtNtCs2uvitLWOfC0_8typelang4repl3cmd13handle_reloadNtB2_4FsIoEB6_
FN:202,_RINvNtNtCs2uvitLWOfC0_8typelang4repl3cmd14handle_commandNtB2_4FsIoEB6_
FN:268,_RNCINvNtNtCs2uvitLWOfC0_8typelang4repl3cmd11handle_loadNtB4_4FsIoE0B8_
FN:313,_RNCNvNtNtCs2uvitLWOfC0_8typelang4repl3cmd13handle_browse0B7_
FN:322,_RNCNvNtNtCs2uvitLWOfC0_8typelang4repl3cmd13handle_browses_0B7_
FN:491,_RNCNvNtNtCs2uvitLWOfC0_8typelang4repl3cmd21normalize_let_payload0B7_
FN:507,_RNCNvNtNtCs2uvitLWOfC0_8typelang4repl3cmd21normalize_let_payloads_0B7_
FN:533,_RNCNvNtNtCs2uvitLWOfC0_8typelang4repl3cmd26type_string_in_current_env0B7_
FN:554,_RNCNvNtNtCs2uvitLWOfC0_8typelang4repl3cmd29infer_and_generalize_for_repl0B7_
FN:559,_RNCNvNtNtCs2uvitLWOfC0_8typelang4repl3cmd29infer_and_generalize_for_repls_0B7_
FN:197,_RNCNvXNtNtCs2uvitLWOfC0_8typelang4repl3cmdNtB4_4FsIoNtB4_6ReplIo14read_to_string0B8_
FN:241,_RNvNtNtCs2uvitLWOfC0_8typelang4repl3cmd10handle_let
FN:355,_RNvNtNtCs2uvitLWOfC0_8typelang4repl3cmd11handle_eval
FN:340,_RNvNtNtCs2uvitLWOfC0_8typelang4repl3cmd12handle_unset
FN:387,_RNvNtNtCs2uvitLWOfC0_8typelang4repl3cmd13apply_program
FN:307,_RNvNtNtCs2uvitLWOfC0_8typelang4repl3cmd13handle_browse
FN:225,_RNvNtNtCs2uvitLWOfC0_8typelang4repl3cmd14handle_type_of
FN:120,_RNvNtNtCs2uvitLWOfC0_8typelang4repl3cmd16needs_more_input
FN:332,_RNvNtNtCs2uvitLWOfC0_8typelang4repl3cmd18handle_set_default
FN:425,_RNvNtNtCs2uvitLWOfC0_8typelang4repl3cmd18parse_repl_command
FN:487,_RNvNtNtCs2uvitLWOfC0_8typelang4repl3cmd21normalize_let_payload
FN:375,_RNvNtNtCs2uvitLWOfC0_8typelang4repl3cmd26append_signature_summaries
FN:521,_RNvNtNtCs2uvitLWOfC0_8typelang4repl3cmd26type_string_in_current_env
FN:542,_RNvNtNtCs2uvitLWOfC0_8typelang4repl3cmd29infer_and_generalize_for_repl
FN:30,_RNvNtNtCs2uvitLWOfC0_8typelang4repl3cmd8run_repl
FN:196,_RNvXNtNtCs2uvitLWOfC0_8typelang4repl3cmdNtB2_4FsIoNtB2_6ReplIo14read_to_string
FN:257,_RINvNtNtCsdipHdHAMW8K_8typelang4repl3cmd11handle_loadNtNtB2_5tests5MapIoEB6_
FN:257,_RINvNtNtCsdipHdHAMW8K_8typelang4repl3cmd11handle_loadNtNtB2_5tests6NoopIoEB6_
FN:281,_RINvNtNtCsdipHdHAMW8K_8typelang4repl3cmd13handle_reloadNtNtB2_5tests5MapIoEB6_
FN:281,_RINvNtNtCsdipHdHAMW8K_8typelang4repl3cmd13handle_reloadNtNtB2_5tests6NoopIoEB6_
FN:202,_RINvNtNtCsdipHdHAMW8K_8typelang4repl3cmd14handle_commandNtNtB2_5tests5MapIoEB6_
FN:202,_RINvNtNtCsdipHdHAMW8K_8typelang4repl3cmd14handle_commandNtNtB2_5tests6NoopIoEB6_
FN:268,_RNCINvNtNtCsdipHdHAMW8K_8typelang4repl3cmd11handle_loadNtNtB4_5tests5MapIoE0B8_
FN:268,_RNCINvNtNtCsdipHdHAMW8K_8typelang4repl3cmd11handle_loadNtNtB4_5tests6NoopIoE0B8_
FN:313,_RNCNvNtNtCsdipHdHAMW8K_8typelang4repl3cmd13handle_browse0B7_
FN:322,_RNCNvNtNtCsdipHdHAMW8K_8typelang4repl3cmd13handle_browses_0B7_
FN:491,_RNCNvNtNtCsdipHdHAMW8K_8typelang4repl3cmd21normalize_let_payload0B7_
FN:507,_RNCNvNtNtCsdipHdHAMW8K_8typelang4repl3cmd21normalize_let_payloads_0B7_
FN:533,_RNCNvNtNtCsdipHdHAMW8K_8typelang4repl3cmd26type_string_in_current_env0B7_
FN:554,_RNCNvNtNtCsdipHdHAMW8K_8typelang4repl3cmd29infer_and_generalize_for_repl0B7_
FN:559,_RNCNvNtNtCsdipHdHAMW8K_8typelang4repl3cmd29infer_and_generalize_for_repls_0B7_
FN:241,_RNvNtNtCsdipHdHAMW8K_8typelang4repl3cmd10handle_let
FN:355,_RNvNtNtCsdipHdHAMW8K_8typelang4repl3cmd11handle_eval
FN:340,_RNvNtNtCsdipHdHAMW8K_8typelang4repl3cmd12handle_unset
FN:387,_RNvNtNtCsdipHdHAMW8K_8typelang4repl3cmd13apply_program
FN:307,_RNvNtNtCsdipHdHAMW8K_8typelang4repl3cmd13handle_browse
FN:225,_RNvNtNtCsdipHdHAMW8K_8typelang4repl3cmd14handle_type_of
FN:120,_RNvNtNtCsdipHdHAMW8K_8typelang4repl3cmd16needs_more_input
FN:332,_RNvNtNtCsdipHdHAMW8K_8typelang4repl3cmd18handle_set_default
FN:425,_RNvNtNtCsdipHdHAMW8K_8typelang4repl3cmd18parse_repl_command
FN:487,_RNvNtNtCsdipHdHAMW8K_8typelang4repl3cmd21normalize_let_payload
FN:375,_RNvNtNtCsdipHdHAMW8K_8typelang4repl3cmd26append_signature_summaries
FN:521,_RNvNtNtCsdipHdHAMW8K_8typelang4repl3cmd26type_string_in_current_env
FN:542,_RNvNtNtCsdipHdHAMW8K_8typelang4repl3cmd29infer_and_generalize_for_repl
FN:197,_RNCNvXNtNtCsdipHdHAMW8K_8typelang4repl3cmdNtB4_4FsIoNtB4_6ReplIo14read_to_string0B8_
FN:30,_RNvNtNtCsdipHdHAMW8K_8typelang4repl3cmd8run_repl
FN:196,_RNvXNtNtCsdipHdHAMW8K_8typelang4repl3cmdNtB2_4FsIoNtB2_6ReplIo14read_to_string
FN:678,_RNvNtNtNtCsdipHdHAMW8K_8typelang4repl3cmd5tests8mk_state
FN:617,_RNvNtNtNtCsdipHdHAMW8K_8typelang4repl3cmd5testss_27parse_repl_command_variants
FN:805,_RNvNtNtNtCsdipHdHAMW8K_8typelang4repl3cmd5testss_31handle_typeof_eval_and_let_flow
FN:586,_RNvNtNtNtCsdipHdHAMW8K_8typelang4repl3cmd5testss_34needs_more_input_strings_and_chars
FN:657,_RNvNtNtNtCsdipHdHAMW8K_8typelang4repl3cmd5testss_35parse_repl_command_invalid_variants
FN:752,_RNvNtNtNtCsdipHdHAMW8K_8typelang4repl3cmd5testss_36handle_load_success_and_reload_paths
FN:606,_RNvNtNtNtCsdipHdHAMW8K_8typelang4repl3cmd5testss_38normalize_let_payload_single_and_multi
FN:690,_RNvNtNtNtCsdipHdHAMW8K_8typelang4repl3cmd5testss_39handle_browse_and_set_default_and_unset
FN:577,_RNvNtNtNtCsdipHdHAMW8K_8typelang4repl3cmd5testss_40needs_more_input_balancing_paren_bracket
FN:598,_RNvNtNtNtCsdipHdHAMW8K_8typelang4repl3cmd5testss_41needs_more_input_commands_do_not_continue
FN:789,_RNvNtNtNtCsdipHdHAMW8K_8typelang4repl3cmd5testss_44handle_load_error_and_reload_without_history
FN:672,_RNvXNtNtNtCsdipHdHAMW8K_8typelang4repl3cmd5testsNtB2_6NoopIoNtB4_6ReplIo14read_to_string
FN:742,_RNvXs_NtNtNtCsdipHdHAMW8K_8typelang4repl3cmd5testsNtB4_5MapIoNtB6_6ReplIo14read_to_string
FN:818,_RNCNvNtNtNtCsdipHdHAMW8K_8typelang4repl3cmd5testss_31handle_typeof_eval_and_let_flow0B9_
FN:762,_RNCNvNtNtNtCsdipHdHAMW8K_8typelang4repl3cmd5testss_36handle_load_success_and_reload_paths0B9_
FN:769,_RNCNvNtNtNtCsdipHdHAMW8K_8typelang4repl3cmd5testss_36handle_load_success_and_reload_pathss0_0B9_
FN:770,_RNCNvNtNtNtCsdipHdHAMW8K_8typelang4repl3cmd5testss_36handle_load_success_and_reload_pathss1_0B9_
FN:784,_RNCNvNtNtNtCsdipHdHAMW8K_8typelang4repl3cmd5testss_36handle_load_success_and_reload_pathss2_0B9_
FN:777,_RNCNvNtNtNtCsdipHdHAMW8K_8typelang4repl3cmd5testss_36handle_load_success_and_reload_pathss_0B9_
FN:704,_RNCNvNtNtNtCsdipHdHAMW8K_8typelang4repl3cmd5testss_39handle_browse_and_set_default_and_unset0B9_
FN:709,_RNCNvNtNtNtCsdipHdHAMW8K_8typelang4repl3cmd5testss_39handle_browse_and_set_default_and_unsets0_0B9_
FN:710,_RNCNvNtNtNtCsdipHdHAMW8K_8typelang4repl3cmd5testss_39handle_browse_and_set_default_and_unsets1_0B9_
FN:716,_RNCNvNtNtNtCsdipHdHAMW8K_8typelang4repl3cmd5testss_39handle_browse_and_set_default_and_unsets_0B9_
FN:794,_RNCNvNtNtNtCsdipHdHAMW8K_8typelang4repl3cmd5testss_44handle_load_error_and_reload_without_history0B9_
FN:800,_RNCNvNtNtNtCsdipHdHAMW8K_8typelang4repl3cmd5testss_44handle_load_error_and_reload_without_historys_0B9_
FN:746,_RNCNvXs_NtNtNtCsdipHdHAMW8K_8typelang4repl3cmd5testsNtB6_5MapIoNtB8_6ReplIo14read_to_string0Bc_
FNDA:0,_RINvNtNtCs2uvitLWOfC0_8typelang4repl3cmd11handle_loadNtB2_4FsIoEB6_
FNDA:0,_RINvNtNtCs2uvitLWOfC0_8typelang4repl3cmd13handle_reloadNtB2_4FsIoEB6_
FNDA:0,_RINvNtNtCs2uvitLWOfC0_8typelang4repl3cmd14handle_commandNtB2_4FsIoEB6_
FNDA:0,_RNCINvNtNtCs2uvitLWOfC0_8typelang4repl3cmd11handle_loadNtB4_4FsIoE0B8_
FNDA:0,_RNCNvNtNtCs2uvitLWOfC0_8typelang4repl3cmd13handle_browse0B7_
FNDA:0,_RNCNvNtNtCs2uvitLWOfC0_8typelang4repl3cmd13handle_browses_0B7_
FNDA:0,_RNCNvNtNtCs2uvitLWOfC0_8typelang4repl3cmd21normalize_let_payload0B7_
FNDA:0,_RNCNvNtNtCs2uvitLWOfC0_8typelang4repl3cmd21normalize_let_payloads_0B7_
FNDA:0,_RNCNvNtNtCs2uvitLWOfC0_8typelang4repl3cmd26type_string_in_current_env0B7_
FNDA:0,_RNCNvNtNtCs2uvitLWOfC0_8typelang4repl3cmd29infer_and_generalize_for_repl0B7_
FNDA:0,_RNCNvNtNtCs2uvitLWOfC0_8typelang4repl3cmd29infer_and_generalize_for_repls_0B7_
FNDA:0,_RNCNvXNtNtCs2uvitLWOfC0_8typelang4repl3cmdNtB4_4FsIoNtB4_6ReplIo14read_to_string0B8_
FNDA:0,_RNvNtNtCs2uvitLWOfC0_8typelang4repl3cmd10handle_let
FNDA:0,_RNvNtNtCs2uvitLWOfC0_8typelang4repl3cmd11handle_eval
FNDA:0,_RNvNtNtCs2uvitLWOfC0_8typelang4repl3cmd12handle_unset
FNDA:0,_RNvNtNtCs2uvitLWOfC0_8typelang4repl3cmd13apply_program
FNDA:0,_RNvNtNtCs2uvitLWOfC0_8typelang4repl3cmd13handle_browse
FNDA:0,_RNvNtNtCs2uvitLWOfC0_8typelang4repl3cmd14handle_type_of
FNDA:0,_RNvNtNtCs2uvitLWOfC0_8typelang4repl3cmd16needs_more_input
FNDA:0,_RNvNtNtCs2uvitLWOfC0_8typelang4repl3cmd18handle_set_default
FNDA:0,_RNvNtNtCs2uvitLWOfC0_8typelang4repl3cmd18parse_repl_command
FNDA:0,_RNvNtNtCs2uvitLWOfC0_8typelang4repl3cmd21normalize_let_payload
FNDA:0,_RNvNtNtCs2uvitLWOfC0_8typelang4repl3cmd26append_signature_summaries
FNDA:0,_RNvNtNtCs2uvitLWOfC0_8typelang4repl3cmd26type_string_in_current_env
FNDA:0,_RNvNtNtCs2uvitLWOfC0_8typelang4repl3cmd29infer_and_generalize_for_repl
FNDA:0,_RNvNtNtCs2uvitLWOfC0_8typelang4repl3cmd8run_repl
FNDA:0,_RNvXNtNtCs2uvitLWOfC0_8typelang4repl3cmdNtB2_4FsIoNtB2_6ReplIo14read_to_string
FNDA:2,_RINvNtNtCsdipHdHAMW8K_8typelang4repl3cmd11handle_loadNtNtB2_5tests5MapIoEB6_
FNDA:0,_RINvNtNtCsdipHdHAMW8K_8typelang4repl3cmd11handle_loadNtNtB2_5tests6NoopIoEB6_
FNDA:2,_RINvNtNtCsdipHdHAMW8K_8typelang4repl3cmd13handle_reloadNtNtB2_5tests5MapIoEB6_
FNDA:0,_RINvNtNtCsdipHdHAMW8K_8typelang4repl3cmd13handle_reloadNtNtB2_5tests6NoopIoEB6_
FNDA:4,_RINvNtNtCsdipHdHAMW8K_8typelang4repl3cmd14handle_commandNtNtB2_5tests5MapIoEB6_
FNDA:8,_RINvNtNtCsdipHdHAMW8K_8typelang4repl3cmd14handle_commandNtNtB2_5tests6NoopIoEB6_
FNDA:0,_RNCINvNtNtCsdipHdHAMW8K_8typelang4repl3cmd11handle_loadNtNtB4_5tests5MapIoE0B8_
FNDA:0,_RNCINvNtNtCsdipHdHAMW8K_8typelang4repl3cmd11handle_loadNtNtB4_5tests6NoopIoE0B8_
FNDA:4,_RNCNvNtNtCsdipHdHAMW8K_8typelang4repl3cmd13handle_browse0B7_
FNDA:3,_RNCNvNtNtCsdipHdHAMW8K_8typelang4repl3cmd13handle_browses_0B7_
FNDA:2,_RNCNvNtNtCsdipHdHAMW8K_8typelang4repl3cmd21normalize_let_payload0B7_
FNDA:11,_RNCNvNtNtCsdipHdHAMW8K_8typelang4repl3cmd21normalize_let_payloads_0B7_
FNDA:0,_RNCNvNtNtCsdipHdHAMW8K_8typelang4repl3cmd26type_string_in_current_env0B7_
FNDA:0,_RNCNvNtNtCsdipHdHAMW8K_8typelang4repl3cmd29infer_and_generalize_for_repl0B7_
FNDA:0,_RNCNvNtNtCsdipHdHAMW8K_8typelang4repl3cmd29infer_and_generalize_for_repls_0B7_
FNDA:1,_RNvNtNtCsdipHdHAMW8K_8typelang4repl3cmd10handle_let
FNDA:1,_RNvNtNtCsdipHdHAMW8K_8typelang4repl3cmd11handle_eval
FNDA:2,_RNvNtNtCsdipHdHAMW8K_8typelang4repl3cmd12handle_unset
FNDA:3,_RNvNtNtCsdipHdHAMW8K_8typelang4repl3cmd13apply_program
FNDA:2,_RNvNtNtCsdipHdHAMW8K_8typelang4repl3cmd13handle_browse
FNDA:1,_RNvNtNtCsdipHdHAMW8K_8typelang4repl3cmd14handle_type_of
FNDA:12,_RNvNtNtCsdipHdHAMW8K_8typelang4repl3cmd16needs_more_input
FNDA:1,_RNvNtNtCsdipHdHAMW8K_8typelang4repl3cmd18handle_set_default
FNDA:13,_RNvNtNtCsdipHdHAMW8K_8typelang4repl3cmd18parse_repl_command
FNDA:5,_RNvNtNtCsdipHdHAMW8K_8typelang4repl3cmd21normalize_let_payload
FNDA:1,_RNvNtNtCsdipHdHAMW8K_8typelang4repl3cmd26append_signature_summaries
FNDA:1,_RNvNtNtCsdipHdHAMW8K_8typelang4repl3cmd26type_string_in_current_env
FNDA:1,_RNvNtNtCsdipHdHAMW8K_8typelang4repl3cmd29infer_and_generalize_for_repl
FNDA:0,_RNCNvXNtNtCsdipHdHAMW8K_8typelang4repl3cmdNtB4_4FsIoNtB4_6ReplIo14read_to_string0B8_
FNDA:0,_RNvNtNtCsdipHdHAMW8K_8typelang4repl3cmd8run_repl
FNDA:0,_RNvXNtNtCsdipHdHAMW8K_8typelang4repl3cmdNtB2_4FsIoNtB2_6ReplIo14read_to_string
FNDA:4,_RNvNtNtNtCsdipHdHAMW8K_8typelang4repl3cmd5tests8mk_state
FNDA:1,_RNvNtNtNtCsdipHdHAMW8K_8typelang4repl3cmd5testss_27parse_repl_command_variants
FNDA:1,_RNvNtNtNtCsdipHdHAMW8K_8typelang4repl3cmd5testss_31handle_typeof_eval_and_let_flow
FNDA:1,_RNvNtNtNtCsdipHdHAMW8K_8typelang4repl3cmd5testss_34needs_more_input_strings_and_chars
FNDA:1,_RNvNtNtNtCsdipHdHAMW8K_8typelang4repl3cmd5testss_35parse_repl_command_invalid_variants
FNDA:1,_RNvNtNtNtCsdipHdHAMW8K_8typelang4repl3cmd5testss_36handle_load_success_and_reload_paths
FNDA:1,_RNvNtNtNtCsdipHdHAMW8K_8typelang4repl3cmd5testss_38normalize_let_payload_single_and_multi
FNDA:1,_RNvNtNtNtCsdipHdHAMW8K_8typelang4repl3cmd5testss_39handle_browse_and_set_default_and_unset
FNDA:1,_RNvNtNtNtCsdipHdHAMW8K_8typelang4repl3cmd5testss_40needs_more_input_balancing_paren_bracket
FNDA:1,_RNvNtNtNtCsdipHdHAMW8K_8typelang4repl3cmd5testss_41needs_more_input_commands_do_not_continue
FNDA:1,_RNvNtNtNtCsdipHdHAMW8K_8typelang4repl3cmd5testss_44handle_load_error_and_reload_without_history
FNDA:0,_RNvXNtNtNtCsdipHdHAMW8K_8typelang4repl3cmd5testsNtB2_6NoopIoNtB4_6ReplIo14read_to_string
FNDA:3,_RNvXs_NtNtNtCsdipHdHAMW8K_8typelang4repl3cmd5testsNtB4_5MapIoNtB6_6ReplIo14read_to_string
FNDA:1,_RNCNvNtNtNtCsdipHdHAMW8K_8typelang4repl3cmd5testss_31handle_typeof_eval_and_let_flow0B9_
FNDA:2,_RNCNvNtNtNtCsdipHdHAMW8K_8typelang4repl3cmd5testss_36handle_load_success_and_reload_paths0B9_
FNDA:1,_RNCNvNtNtNtCsdipHdHAMW8K_8typelang4repl3cmd5testss_36handle_load_success_and_reload_pathss0_0B9_
FNDA:2,_RNCNvNtNtNtCsdipHdHAMW8K_8typelang4repl3cmd5testss_36handle_load_success_and_reload_pathss1_0B9_
FNDA:1,_RNCNvNtNtNtCsdipHdHAMW8K_8typelang4repl3cmd5testss_36handle_load_success_and_reload_pathss2_0B9_
FNDA:1,_RNCNvNtNtNtCsdipHdHAMW8K_8typelang4repl3cmd5testss_36handle_load_success_and_reload_pathss_0B9_
FNDA:2,_RNCNvNtNtNtCsdipHdHAMW8K_8typelang4repl3cmd5testss_39handle_browse_and_set_default_and_unset0B9_
FNDA:1,_RNCNvNtNtNtCsdipHdHAMW8K_8typelang4repl3cmd5testss_39handle_browse_and_set_default_and_unsets0_0B9_
FNDA:2,_RNCNvNtNtNtCsdipHdHAMW8K_8typelang4repl3cmd5testss_39handle_browse_and_set_default_and_unsets1_0B9_
FNDA:1,_RNCNvNtNtNtCsdipHdHAMW8K_8typelang4repl3cmd5testss_39handle_browse_and_set_default_and_unsets_0B9_
FNDA:1,_RNCNvNtNtNtCsdipHdHAMW8K_8typelang4repl3cmd5testss_44handle_load_error_and_reload_without_history0B9_
FNDA:1,_RNCNvNtNtNtCsdipHdHAMW8K_8typelang4repl3cmd5testss_44handle_load_error_and_reload_without_historys_0B9_
FNDA:1,_RNCNvXs_NtNtNtCsdipHdHAMW8K_8typelang4repl3cmd5testsNtB6_5MapIoNtB8_6ReplIo14read_to_string0Bc_
FNF:53
FNH:45
DA:30,0
DA:31,0
DA:32,0
DA:33,0
DA:34,0
DA:35,0
DA:37,0
DA:38,0
DA:39,0
DA:41,0
DA:42,0
DA:43,0
DA:44,0
DA:45,0
DA:46,0
DA:47,0
DA:48,0
DA:49,0
DA:50,0
DA:51,0
DA:52,0
DA:53,0
DA:54,0
DA:57,0
DA:58,0
DA:59,0
DA:60,0
DA:61,0
DA:64,0
DA:66,0
DA:67,0
DA:68,0
DA:73,0
DA:74,0
DA:75,0
DA:76,0
DA:78,0
DA:81,0
DA:83,0
DA:84,0
DA:86,0
DA:87,0
DA:88,0
DA:89,0
DA:90,0
DA:91,0
DA:92,0
DA:93,0
DA:94,0
DA:95,0
DA:96,0
DA:98,0
DA:99,0
DA:100,0
DA:101,0
DA:102,0
DA:103,0
DA:104,0
DA:105,0
DA:106,0
DA:113,0
DA:114,0
DA:115,0
DA:116,0
DA:120,12
DA:122,12
DA:123,12
DA:124,2
DA:125,10
DA:126,10
DA:127,10
DA:128,10
DA:129,10
DA:130,10
DA:131,48
DA:132,48
DA:133,12
DA:134,1
DA:135,1
DA:136,11
DA:137,11
DA:138,1
DA:139,2
DA:140,8
DA:142,11
DA:143,36
DA:144,36
DA:145,6
DA:146,1
DA:147,1
DA:148,5
DA:149,5
DA:150,1
DA:151,2
DA:152,2
DA:154,5
DA:155,30
DA:156,30
DA:157,2
DA:158,1
DA:159,2
DA:160,1
DA:161,3
DA:162,3
DA:163,18
DA:166,10
DA:167,12
DA:196,0
DA:197,0
DA:198,0
DA:202,12
DA:203,12
DA:204,12
DA:205,12
DA:206,12
DA:208,12
DA:209,1
DA:210,1
DA:211,2
DA:212,2
DA:213,2
DA:214,1
DA:215,2
DA:216,1
DA:217,0
DA:218,0
DA:219,0
DA:220,0
DA:221,0
DA:223,12
DA:225,1
DA:226,1
DA:227,1
DA:228,1
DA:229,1
DA:230,1
DA:231,1
DA:232,1
DA:233,1
DA:234,1
DA:235,0
DA:237,0
DA:239,1
DA:241,1
DA:242,1
DA:243,1
DA:244,1
DA:245,1
DA:246,0
DA:248,1
DA:251,0
DA:253,0
DA:255,1
DA:257,2
DA:258,2
DA:259,1
DA:260,1
DA:261,1
DA:262,1
DA:263,1
DA:264,1
DA:265,1
DA:266,1
DA:267,1
DA:268,1
DA:269,1
DA:270,1
DA:271,1
DA:273,0
DA:275,0
DA:277,1
DA:279,2
DA:281,2
DA:282,2
DA:283,1
DA:284,1
DA:286,1
DA:287,1
DA:288,2
DA:289,1
DA:290,1
DA:291,1
DA:292,1
DA:293,1
DA:294,1
DA:295,1
DA:296,1
DA:297,0
DA:299,0
DA:301,0
DA:304,1
DA:305,2
DA:307,2
DA:308,2
DA:309,2
DA:310,2
DA:311,2
DA:312,2
DA:313,4
DA:314,2
DA:315,2
DA:316,2
DA:317,0
DA:318,2
DA:320,2
DA:321,2
DA:322,3
DA:323,3
DA:324,3
DA:326,0
DA:328,3
DA:329,2
DA:330,2
DA:332,1
DA:333,1
DA:334,1
DA:335,1
DA:336,1
DA:338,1
DA:340,2
DA:341,2
DA:342,2
DA:343,1
DA:344,1
DA:345,2
DA:346,0
DA:347,2
DA:348,2
DA:349,1
DA:351,1
DA:353,2
DA:355,1
DA:356,1
DA:357,1
DA:358,1
DA:359,1
DA:360,1
DA:361,1
DA:362,1
DA:363,1
DA:364,1
DA:365,1
DA:366,1
DA:367,1
DA:369,0
DA:371,0
DA:373,1
DA:375,1
DA:376,2
DA:377,1
DA:378,1
DA:379,1
DA:380,1
DA:381,1
DA:382,1
DA:383,1
DA:385,1
DA:387,3
DA:388,3
DA:389,3
DA:390,3
DA:391,3
DA:392,3
DA:394,3
DA:425,13
DA:426,13
DA:427,13
DA:428,0
DA:429,13
DA:430,13
DA:431,13
DA:432,12
DA:433,11
DA:435,11
DA:436,1
DA:437,10
DA:438,10
DA:439,0
DA:440,10
DA:441,10
DA:442,1
DA:443,9
DA:444,9
DA:445,1
DA:446,8
DA:447,8
DA:448,1
DA:449,7
DA:450,7
DA:451,1
DA:452,1
DA:453,0
DA:455,1
DA:457,6
DA:458,6
DA:459,3
DA:460,3
DA:461,2
DA:462,2
DA:463,1
DA:464,1
DA:466,1
DA:467,1
DA:468,3
DA:469,3
DA:470,1
DA:471,1
DA:472,0
DA:473,1
DA:474,1
DA:475,2
DA:476,2
DA:477,1
DA:478,0
DA:479,1
DA:480,1
DA:481,1
DA:482,1
DA:483,13
DA:487,5
DA:488,5
DA:489,1
DA:490,1
DA:491,2
DA:492,2
DA:493,2
DA:494,0
DA:495,2
DA:496,1
DA:498,1
DA:500,2
DA:501,1
DA:502,1
DA:505,4
DA:506,4
DA:507,11
DA:508,4
DA:509,4
DA:510,4
DA:511,4
DA:512,4
DA:513,2
DA:515,2
DA:518,5
DA:521,1
DA:522,1
DA:523,1
[...]
FN:154,_RNvXs0_NtCs2uvitLWOfC0_8typelang7typesysNtB5_8QualTypeNtB5_13Substitutable11apply_subst
FN:167,_RNvXs1_NtCs2uvitLWOfC0_8typelang7typesysNtB5_6SchemeNtB5_13Substitutable11apply_subst
FN:223,_RNvXs3_NtCs2uvitLWOfC0_8typelang7typesysNtB5_7TypeEnvNtNtCs7sLWcwAdHqg_4core7default7Default7default
FN:271,_RNvXs5_NtCs2uvitLWOfC0_8typelang7typesysNtB5_10TVarSupplyNtNtCs7sLWcwAdHqg_4core7default7Default7default
FN:145,_RNvXs_NtCs2uvitLWOfC0_8typelang7typesysNtB4_10ConstraintNtB4_13Substitutable11apply_subst
FN:211,_RINvMs2_NtCs2uvitLWOfC0_8typelang7typesysNtB6_7TypeEnv6extendNtNtCsbz1uUYW1aEc_5alloc6string6StringEB8_
FN:211,_RINvMs2_NtCs2uvitLWOfC0_8typelang7typesysNtB6_7TypeEnv6extendReEB8_
FN:304,_RINvMs6_NtCs2uvitLWOfC0_8typelang7typesysNtB6_10UnifyError3newNtNtCsbz1uUYW1aEc_5alloc6string6StringEB8_
FN:304,_RINvMs6_NtCs2uvitLWOfC0_8typelang7typesysNtB6_10UnifyError3newReEB8_
FN:387,_RINvMs7_NtCs2uvitLWOfC0_8typelang7typesysNtB6_8ClassEnv12add_instanceReB15_EB8_
FN:378,_RINvMs7_NtCs2uvitLWOfC0_8typelang7typesysNtB6_8ClassEnv9add_classReB11_AB11_j1_EB8_
FN:378,_RINvMs7_NtCs2uvitLWOfC0_8typelang7typesysNtB6_8ClassEnv9add_classReB11_INtNtNtNtCs7sLWcwAdHqg_4core4iter7sources5empty5EmptyB11_EEB8_
FN:384,_RNCINvMs7_NtCs2uvitLWOfC0_8typelang7typesysNtB8_8ClassEnv9add_classReB13_AB13_j1_E0Ba_
FN:384,_RNCINvMs7_NtCs2uvitLWOfC0_8typelang7typesysNtB8_8ClassEnv9add_classReB13_INtNtNtNtCs7sLWcwAdHqg_4core4iter7sources5empty5EmptyB13_EE0Ba_
FN:414,_RNCNvMs7_NtCs2uvitLWOfC0_8typelang7typesysNtB7_8ClassEnv11entails_one0B9_
FN:437,_RNCNvMs7_NtCs2uvitLWOfC0_8typelang7typesysNtB7_8ClassEnv12has_instance0B9_
FN:392,_RNCNvMs7_NtCs2uvitLWOfC0_8typelang7typesysNtB7_8ClassEnv7entails0B9_
FN:282,_RNCNvNtCs2uvitLWOfC0_8typelang7typesys10generalize0B5_
FN:533,_RNCNvNtCs2uvitLWOfC0_8typelang7typesys14pp_constraints0B5_
FN:522,_RNCNvNtCs2uvitLWOfC0_8typelang7typesys25constraints_with_typevars0B5_
FN:547,_RNCNvNtCs2uvitLWOfC0_8typelang7typesys28constraints_relevant_to_type0B5_
FN:184,_RNCNvNtCs2uvitLWOfC0_8typelang7typesys7compose0B5_
FN:481,_RNCNvNtCs2uvitLWOfC0_8typelang7typesys7pp_type0B5_
FN:127,_RNCNvXNtCs2uvitLWOfC0_8typelang7typesysNtB4_4TypeNtB4_13Substitutable11apply_subst0B6_
FN:138,_RNCNvXNtCs2uvitLWOfC0_8typelang7typesysNtB4_4TypeNtB4_13Substitutable11apply_substs_0B6_
FN:159,_RNCNvXs0_NtCs2uvitLWOfC0_8typelang7typesysNtB7_8QualTypeNtB7_13Substitutable11apply_subst0B9_
FN:172,_RNCNvXs1_NtCs2uvitLWOfC0_8typelang7typesysNtB7_6SchemeNtB7_13Substitutable11apply_substs0_0B9_
FN:171,_RNCNvXs1_NtCs2uvitLWOfC0_8typelang7typesysNtB7_6SchemeNtB7_13Substitutable11apply_substs_0B9_
FN:414,_RNCNvMs7_NtCsdipHdHAMW8K_8typelang7typesysNtB7_8ClassEnv11entails_one0B9_
FN:437,_RNCNvMs7_NtCsdipHdHAMW8K_8typelang7typesysNtB7_8ClassEnv12has_instance0B9_
FN:392,_RNCNvMs7_NtCsdipHdHAMW8K_8typelang7typesysNtB7_8ClassEnv7entails0B9_
FN:172,_RNCNvXs1_NtCsdipHdHAMW8K_8typelang7typesysNtB7_6SchemeNtB7_13Substitutable11apply_substs0_0B9_
FN:171,_RNCNvXs1_NtCsdipHdHAMW8K_8typelang7typesysNtB7_6SchemeNtB7_13Substitutable11apply_substs_0B9_
FN:395,_RNvMs7_NtCsdipHdHAMW8K_8typelang7typesysNtB5_8ClassEnv11entails_one
FN:429,_RNvMs7_NtCsdipHdHAMW8K_8typelang7typesysNtB5_8ClassEnv12has_instance
FN:391,_RNvMs7_NtCsdipHdHAMW8K_8typelang7typesysNtB5_8ClassEnv7entails
FN:167,_RNvXs1_NtCsdipHdHAMW8K_8typelang7typesysNtB5_6SchemeNtB5_13Substitutable11apply_subst
FN:223,_RNvXs3_NtCsdipHdHAMW8K_8typelang7typesysNtB5_7TypeEnvNtNtCs7sLWcwAdHqg_4core7default7Default7default
FN:211,_RINvMs2_NtCsdipHdHAMW8K_8typelang7typesysNtB6_7TypeEnv6extendNtNtCsbz1uUYW1aEc_5alloc6string6StringEB8_
FN:211,_RINvMs2_NtCsdipHdHAMW8K_8typelang7typesysNtB6_7TypeEnv6extendReEB8_
FN:304,_RINvMs6_NtCsdipHdHAMW8K_8typelang7typesysNtB6_10UnifyError3newNtNtCsbz1uUYW1aEc_5alloc6string6StringEB8_
FN:304,_RINvMs6_NtCsdipHdHAMW8K_8typelang7typesysNtB6_10UnifyError3newReEB8_
FN:387,_RINvMs7_NtCsdipHdHAMW8K_8typelang7typesysNtB6_8ClassEnv12add_instanceReB15_EB8_
FN:378,_RINvMs7_NtCsdipHdHAMW8K_8typelang7typesysNtB6_8ClassEnv9add_classReB11_AB11_j1_EB8_
FN:378,_RINvMs7_NtCsdipHdHAMW8K_8typelang7typesysNtB6_8ClassEnv9add_classReB11_INtNtNtNtCs7sLWcwAdHqg_4core4iter7sources5empty5EmptyB11_EEB8_
FN:384,_RNCINvMs7_NtCsdipHdHAMW8K_8typelang7typesysNtB8_8ClassEnv9add_classReB13_AB13_j1_E0Ba_
FN:384,_RNCINvMs7_NtCsdipHdHAMW8K_8typelang7typesysNtB8_8ClassEnv9add_classReB13_INtNtNtNtCs7sLWcwAdHqg_4core4iter7sources5empty5EmptyB13_EE0Ba_
FN:282,_RNCNvNtCsdipHdHAMW8K_8typelang7typesys10generalize0B5_
FN:533,_RNCNvNtCsdipHdHAMW8K_8typelang7typesys14pp_constraints0B5_
FN:522,_RNCNvNtCsdipHdHAMW8K_8typelang7typesys25constraints_with_typevars0B5_
FN:547,_RNCNvNtCsdipHdHAMW8K_8typelang7typesys28constraints_relevant_to_type0B5_
FN:184,_RNCNvNtCsdipHdHAMW8K_8typelang7typesys7compose0B5_
FN:481,_RNCNvNtCsdipHdHAMW8K_8typelang7typesys7pp_type0B5_
FN:127,_RNCNvXNtCsdipHdHAMW8K_8typelang7typesysNtB4_4TypeNtB4_13Substitutable11apply_subst0B6_
FN:138,_RNCNvXNtCsdipHdHAMW8K_8typelang7typesysNtB4_4TypeNtB4_13Substitutable11apply_substs_0B6_
FN:159,_RNCNvXs0_NtCsdipHdHAMW8K_8typelang7typesysNtB7_8QualTypeNtB7_13Substitutable11apply_subst0B9_
FN:199,_RNvMs2_NtCsdipHdHAMW8K_8typelang7typesysNtB5_7TypeEnv3new
FN:215,_RNvMs2_NtCsdipHdHAMW8K_8typelang7typesysNtB5_7TypeEnv6lookup
FN:205,_RNvMs2_NtCsdipHdHAMW8K_8typelang7typesysNtB5_7TypeEnv9clone_env
FN:257,_RNvMs4_NtCsdipHdHAMW8K_8typelang7typesysNtB5_10TVarSupply3new
FN:261,_RNvMs4_NtCsdipHdHAMW8K_8typelang7typesysNtB5_10TVarSupply5fresh
FN:277,_RNvNtCsdipHdHAMW8K_8typelang7typesys10generalize
FN:288,_RNvNtCsdipHdHAMW8K_8typelang7typesys11instantiate
FN:491,_RNvNtCsdipHdHAMW8K_8typelang7typesys11key_of_type
FN:562,_RNvNtCsdipHdHAMW8K_8typelang7typesys11pretty_qual
FN:528,_RNvNtCsdipHdHAMW8K_8typelang7typesys14pp_constraints
FN:507,_RNvNtCsdipHdHAMW8K_8typelang7typesys21normalize_constraints
FN:585,_RNvNtCsdipHdHAMW8K_8typelang7typesys23apply_defaulting_simple
FN:520,_RNvNtCsdipHdHAMW8K_8typelang7typesys25constraints_with_typevars
FN:542,_RNvNtCsdipHdHAMW8K_8typelang7typesys28constraints_relevant_to_type
FN:100,_RNvNtCsdipHdHAMW8K_8typelang7typesys3ftv
FN:356,_RNvNtCsdipHdHAMW8K_8typelang7typesys4bind
FN:313,_RNvNtCsdipHdHAMW8K_8typelang7typesys5unify
FN:56,_RNvNtCsdipHdHAMW8K_8typelang7typesys6t_list
FN:182,_RNvNtCsdipHdHAMW8K_8typelang7typesys7compose
FN:229,_RNvNtCsdipHdHAMW8K_8typelang7typesys7env_ftv
FN:445,_RNvNtCsdipHdHAMW8K_8typelang7typesys7pp_type
FN:242,_RNvNtCsdipHdHAMW8K_8typelang7typesys7qualify
FN:64,_RNvNtCsdipHdHAMW8K_8typelang7typesys8t_string
FN:125,_RNvXNtCsdipHdHAMW8K_8typelang7typesysNtB2_4TypeNtB2_13Substitutable11apply_subst
FN:154,_RNvXs0_NtCsdipHdHAMW8K_8typelang7typesysNtB5_8QualTypeNtB5_13Substitutable11apply_subst
FN:271,_RNvXs5_NtCsdipHdHAMW8K_8typelang7typesysNtB5_10TVarSupplyNtNtCs7sLWcwAdHqg_4core7default7Default7default
FN:145,_RNvXs_NtCsdipHdHAMW8K_8typelang7typesysNtB4_10ConstraintNtB4_13Substitutable11apply_subst
FNDA:17,_RNvMs2_NtCs2uvitLWOfC0_8typelang7typesysNtB5_7TypeEnv3new
FNDA:38,_RNvMs2_NtCs2uvitLWOfC0_8typelang7typesysNtB5_7TypeEnv6lookup
FNDA:18,_RNvMs2_NtCs2uvitLWOfC0_8typelang7typesysNtB5_7TypeEnv9clone_env
FNDA:47,_RNvMs4_NtCs2uvitLWOfC0_8typelang7typesysNtB5_10TVarSupply3new
FNDA:299,_RNvMs4_NtCs2uvitLWOfC0_8typelang7typesysNtB5_10TVarSupply5fresh
FNDA:0,_RNvMs7_NtCs2uvitLWOfC0_8typelang7typesysNtB5_8ClassEnv11entails_one
FNDA:0,_RNvMs7_NtCs2uvitLWOfC0_8typelang7typesysNtB5_8ClassEnv12has_instance
FNDA:0,_RNvMs7_NtCs2uvitLWOfC0_8typelang7typesysNtB5_8ClassEnv7entails
FNDA:17,_RNvNtCs2uvitLWOfC0_8typelang7typesys10generalize
FNDA:32,_RNvNtCs2uvitLWOfC0_8typelang7typesys11instantiate
FNDA:29,_RNvNtCs2uvitLWOfC0_8typelang7typesys11key_of_type
FNDA:13,_RNvNtCs2uvitLWOfC0_8typelang7typesys11pretty_qual
FNDA:13,_RNvNtCs2uvitLWOfC0_8typelang7typesys14pp_constraints
FNDA:13,_RNvNtCs2uvitLWOfC0_8typelang7typesys21normalize_constraints
FNDA:8,_RNvNtCs2uvitLWOfC0_8typelang7typesys23apply_defaulting_simple
FNDA:13,_RNvNtCs2uvitLWOfC0_8typelang7typesys25constraints_with_typevars
FNDA:13,_RNvNtCs2uvitLWOfC0_8typelang7typesys28constraints_relevant_to_type
FNDA:1375,_RNvNtCs2uvitLWOfC0_8typelang7typesys3ftv
FNDA:70,_RNvNtCs2uvitLWOfC0_8typelang7typesys4bind
FNDA:112,_RNvNtCs2uvitLWOfC0_8typelang7typesys5unify
FNDA:17,_RNvNtCs2uvitLWOfC0_8typelang7typesys6t_list
FNDA:65,_RNvNtCs2uvitLWOfC0_8typelang7typesys7compose
FNDA:17,_RNvNtCs2uvitLWOfC0_8typelang7typesys7env_ftv
FNDA:27,_RNvNtCs2uvitLWOfC0_8typelang7typesys7pp_type
FNDA:294,_RNvNtCs2uvitLWOfC0_8typelang7typesys7qualify
FNDA:17,_RNvNtCs2uvitLWOfC0_8typelang7typesys8t_string
FNDA:934,_RNvXNtCs2uvitLWOfC0_8typelang7typesysNtB2_4TypeNtB2_13Substitutable11apply_subst
FNDA:146,_RNvXs0_NtCs2uvitLWOfC0_8typelang7typesysNtB5_8QualTypeNtB5_13Substitutable11apply_subst
FNDA:0,_RNvXs1_NtCs2uvitLWOfC0_8typelang7typesysNtB5_6SchemeNtB5_13Substitutable11apply_subst
FNDA:0,_RNvXs3_NtCs2uvitLWOfC0_8typelang7typesysNtB5_7TypeEnvNtNtCs7sLWcwAdHqg_4core7default7Default7default
FNDA:18,_RNvXs5_NtCs2uvitLWOfC0_8typelang7typesysNtB5_10TVarSupplyNtNtCs7sLWcwAdHqg_4core7default7Default7default
FNDA:120,_RNvXs_NtCs2uvitLWOfC0_8typelang7typesysNtB4_10ConstraintNtB4_13Substitutable11apply_subst
FNDA:34,_RINvMs2_NtCs2uvitLWOfC0_8typelang7typesysNtB6_7TypeEnv6extendNtNtCsbz1uUYW1aEc_5alloc6string6StringEB8_
FNDA:221,_RINvMs2_NtCs2uvitLWOfC0_8typelang7typesysNtB6_7TypeEnv6extendReEB8_
FNDA:4,_RINvMs6_NtCs2uvitLWOfC0_8typelang7typesysNtB6_10UnifyError3newNtNtCsbz1uUYW1aEc_5alloc6string6StringEB8_
FNDA:1,_RINvMs6_NtCs2uvitLWOfC0_8typelang7typesysNtB6_10UnifyError3newReEB8_
FNDA:374,_RINvMs7_NtCs2uvitLWOfC0_8typelang7typesysNtB6_8ClassEnv12add_instanceReB15_EB8_
FNDA:34,_RINvMs7_NtCs2uvitLWOfC0_8typelang7typesysNtB6_8ClassEnv9add_classReB11_AB11_j1_EB8_
FNDA:51,_RINvMs7_NtCs2uvitLWOfC0_8typelang7typesysNtB6_8ClassEnv9add_classReB11_INtNtNtNtCs7sLWcwAdHqg_4core4iter7sources5empty5EmptyB11_EEB8_
FNDA:34,_RNCINvMs7_NtCs2uvitLWOfC0_8typelang7typesysNtB8_8ClassEnv9add_classReB13_AB13_j1_E0Ba_
FNDA:0,_RNCINvMs7_NtCs2uvitLWOfC0_8typelang7typesysNtB8_8ClassEnv9add_classReB13_INtNtNtNtCs7sLWcwAdHqg_4core4iter7sources5empty5EmptyB13_EE0Ba_
FNDA:0,_RNCNvMs7_NtCs2uvitLWOfC0_8typelang7typesysNtB7_8ClassEnv11entails_one0B9_
FNDA:0,_RNCNvMs7_NtCs2uvitLWOfC0_8typelang7typesysNtB7_8ClassEnv12has_instance0B9_
FNDA:0,_RNCNvMs7_NtCs2uvitLWOfC0_8typelang7typesysNtB7_8ClassEnv7entails0B9_
FNDA:15,_RNCNvNtCs2uvitLWOfC0_8typelang7typesys10generalize0B5_
FNDA:0,_RNCNvNtCs2uvitLWOfC0_8typelang7typesys14pp_constraints0B5_
FNDA:19,_RNCNvNtCs2uvitLWOfC0_8typelang7typesys25constraints_with_typevars0B5_
FNDA:10,_RNCNvNtCs2uvitLWOfC0_8typelang7typesys28constraints_relevant_to_type0B5_
FNDA:70,_RNCNvNtCs2uvitLWOfC0_8typelang7typesys7compose0B5_
FNDA:0,_RNCNvNtCs2uvitLWOfC0_8typelang7typesys7pp_type0B5_
FNDA:378,_RNCNvXNtCs2uvitLWOfC0_8typelang7typesysNtB4_4TypeNtB4_13Substitutable11apply_subst0B6_
FNDA:4,_RNCNvXNtCs2uvitLWOfC0_8typelang7typesysNtB4_4TypeNtB4_13Substitutable11apply_substs_0B6_
FNDA:120,_RNCNvXs0_NtCs2uvitLWOfC0_8typelang7typesysNtB7_8QualTypeNtB7_13Substitutable11apply_subst0B9_
FNDA:0,_RNCNvXs1_NtCs2uvitLWOfC0_8typelang7typesysNtB7_6SchemeNtB7_13Substitutable11apply_substs0_0B9_
FNDA:0,_RNCNvXs1_NtCs2uvitLWOfC0_8typelang7typesysNtB7_6SchemeNtB7_13Substitutable11apply_substs_0B9_
FNDA:0,_RNCNvMs7_NtCsdipHdHAMW8K_8typelang7typesysNtB7_8ClassEnv11entails_one0B9_
FNDA:0,_RNCNvMs7_NtCsdipHdHAMW8K_8typelang7typesysNtB7_8ClassEnv12has_instance0B9_
FNDA:0,_RNCNvMs7_NtCsdipHdHAMW8K_8typelang7typesysNtB7_8ClassEnv7entails0B9_
FNDA:0,_RNCNvXs1_NtCsdipHdHAMW8K_8typelang7typesysNtB7_6SchemeNtB7_13Substitutable11apply_substs0_0B9_
FNDA:0,_RNCNvXs1_NtCsdipHdHAMW8K_8typelang7typesysNtB7_6SchemeNtB7_13Substitutable11apply_substs_0B9_
FNDA:0,_RNvMs7_NtCsdipHdHAMW8K_8typelang7typesysNtB5_8ClassEnv11entails_one
FNDA:0,_RNvMs7_NtCsdipHdHAMW8K_8typelang7typesysNtB5_8ClassEnv12has_instance
FNDA:0,_RNvMs7_NtCsdipHdHAMW8K_8typelang7typesysNtB5_8ClassEnv7entails
FNDA:0,_RNvXs1_NtCsdipHdHAMW8K_8typelang7typesysNtB5_6SchemeNtB5_13Substitutable11apply_subst
FNDA:0,_RNvXs3_NtCsdipHdHAMW8K_8typelang7typesysNtB5_7TypeEnvNtNtCs7sLWcwAdHqg_4core7default7Default7default
FNDA:3,_RINvMs2_NtCsdipHdHAMW8K_8typelang7typesysNtB6_7TypeEnv6extendNtNtCsbz1uUYW1aEc_5alloc6string6StringEB8_
FNDA:3,_RINvMs2_NtCsdipHdHAMW8K_8typelang7typesysNtB6_7TypeEnv6extendReEB8_
FNDA:0,_RINvMs6_NtCsdipHdHAMW8K_8typelang7typesysNtB6_10UnifyError3newNtNtCsbz1uUYW1aEc_5alloc6string6StringEB8_
FNDA:0,_RINvMs6_NtCsdipHdHAMW8K_8typelang7typesysNtB6_10UnifyError3newReEB8_
FNDA:88,_RINvMs7_NtCsdipHdHAMW8K_8typelang7typesysNtB6_8ClassEnv12add_instanceReB15_EB8_
FNDA:8,_RINvMs7_NtCsdipHdHAMW8K_8typelang7typesysNtB6_8ClassEnv9add_classReB11_AB11_j1_EB8_
FNDA:12,_RINvMs7_NtCsdipHdHAMW8K_8typelang7typesysNtB6_8ClassEnv9add_classReB11_INtNtNtNtCs7sLWcwAdHqg_4core4iter7sources5empty5EmptyB11_EEB8_
FNDA:8,_RNCINvMs7_NtCsdipHdHAMW8K_8typelang7typesysNtB8_8ClassEnv9add_classReB13_AB13_j1_E0Ba_
FNDA:0,_RNCINvMs7_NtCsdipHdHAMW8K_8typelang7typesysNtB8_8ClassEnv9add_classReB13_INtNtNtNtCs7sLWcwAdHqg_4core4iter7sources5empty5EmptyB13_EE0Ba_
FNDA:0,_RNCNvNtCsdipHdHAMW8K_8typelang7typesys10generalize0B5_
FNDA:0,_RNCNvNtCsdipHdHAMW8K_8typelang7typesys14pp_constraints0B5_
FNDA:2,_RNCNvNtCsdipHdHAMW8K_8typelang7typesys25constraints_with_typevars0B5_
FNDA:1,_RNCNvNtCsdipHdHAMW8K_8typelang7typesys28constraints_relevant_to_type0B5_
FNDA:0,_RNCNvNtCsdipHdHAMW8K_8typelang7typesys7compose0B5_
FNDA:0,_RNCNvNtCsdipHdHAMW8K_8typelang7typesys7pp_type0B5_
FNDA:8,_RNCNvXNtCsdipHdHAMW8K_8typelang7typesysNtB4_4TypeNtB4_13Substitutable11apply_subst0B6_
FNDA:0,_RNCNvXNtCsdipHdHAMW8K_8typelang7typesysNtB4_4TypeNtB4_13Substitutable11apply_substs_0B6_
FNDA:7,_RNCNvXs0_NtCsdipHdHAMW8K_8typelang7typesysNtB7_8QualTypeNtB7_13Substitutable11apply_subst0B9_
FNDA:4,_RNvMs2_NtCsdipHdHAMW8K_8typelang7typesysNtB5_7TypeEnv3new
FNDA:8,_RNvMs2_NtCsdipHdHAMW8K_8typelang7typesysNtB5_7TypeEnv6lookup
FNDA:3,_RNvMs2_NtCsdipHdHAMW8K_8typelang7typesysNtB5_7TypeEnv9clone_env
FNDA:5,_RNvMs4_NtCsdipHdHAMW8K_8typelang7typesysNtB5_10TVarSupply3new
FNDA:4,_RNvMs4_NtCsdipHdHAMW8K_8typelang7typesysNtB5_10TVarSupply5fresh
FNDA:4,_RNvNtCsdipHdHAMW8K_8typelang7typesys10generalize
FNDA:0,_RNvNtCsdipHdHAMW8K_8typelang7typesys11instantiate
FNDA:2,_RNvNtCsdipHdHAMW8K_8typelang7typesys11key_of_type
FNDA:5,_RNvNtCsdipHdHAMW8K_8typelang7typesys11pretty_qual
FNDA:5,_RNvNtCsdipHdHAMW8K_8typelang7typesys14pp_constraints
FNDA:5,_RNvNtCsdipHdHAMW8K_8typelang7typesys21normalize_constraints
FNDA:3,_RNvNtCsdipHdHAMW8K_8typelang7typesys23apply_defaulting_simple
FNDA:5,_RNvNtCsdipHdHAMW8K_8typelang7typesys25constraints_with_typevars
FNDA:5,_RNvNtCsdipHdHAMW8K_8typelang7typesys28constraints_relevant_to_type
FNDA:14,_RNvNtCsdipHdHAMW8K_8typelang7typesys3ftv
FNDA:0,_RNvNtCsdipHdHAMW8K_8typelang7typesys4bind
FNDA:0,_RNvNtCsdipHdHAMW8K_8typelang7typesys5unify
FNDA:0,_RNvNtCsdipHdHAMW8K_8typelang7typesys6t_list
FNDA:0,_RNvNtCsdipHdHAMW8K_8typelang7typesys7compose
FNDA:4,_RNvNtCsdipHdHAMW8K_8typelang7typesys7env_ftv
FNDA:6,_RNvNtCsdipHdHAMW8K_8typelang7typesys7pp_type
FNDA:6,_RNvNtCsdipHdHAMW8K_8typelang7typesys7qualify
FNDA:0,_RNvNtCsdipHdHAMW8K_8typelang7typesys8t_string
FNDA:14,_RNvXNtCsdipHdHAMW8K_8typelang7typesysNtB2_4TypeNtB2_13Substitutable11apply_subst
FNDA:7,_RNvXs0_NtCsdipHdHAMW8K_8typelang7typesysNtB5_8QualTypeNtB5_13Substitutable11apply_subst
FNDA:5,_RNvXs5_NtCsdipHdHAMW8K_8typelang7typesysNtB5_10TVarSupplyNtNtCs7sLWcwAdHqg_4core7default7Default7default
FNDA:7,_RNvXs_NtCsdipHdHAMW8K_8typelang7typesysNtB4_10ConstraintNtB4_13Substitutable11apply_subst
FNF:51
FNH:39
DA:56,17
DA:57,17
DA:58,17
DA:59,17
DA:60,17
DA:61,17
DA:64,17
DA:65,17
DA:66,17
DA:67,17
DA:68,17
DA:100,1389
DA:101,1389
DA:102,679
DA:103,206
DA:104,21
DA:105,21
DA:106,21
DA:107,21
DA:109,482
DA:110,482
DA:111,482
DA:112,482
DA:114,1
DA:115,1
DA:116,3
DA:117,2
DA:118,2
DA:119,1
DA:122,1389
DA:125,948
DA:126,948
DA:127,695
DA:128,50
DA:129,11
DA:130,11
DA:131,11
DA:132,11
DA:133,190
DA:134,190
DA:135,190
DA:136,190
DA:137,2
DA:138,4
DA:141,948
DA:145,127
DA:146,127
DA:147,127
DA:148,127
DA:149,127
DA:150,127
DA:154,153
DA:156,153
DA:157,153
DA:158,153
DA:159,153
DA:160,153
DA:161,153
DA:163,153
DA:167,0
DA:168,0
DA:169,0
DA:170,0
DA:171,0
DA:172,0
DA:173,0
DA:174,0
DA:175,0
DA:176,0
DA:177,0
DA:178,0
DA:182,65
DA:184,70
DA:185,142
DA:186,77
DA:187,77
DA:188,65
DA:189,65
DA:199,21
DA:200,21
DA:201,21
DA:202,21
DA:203,21
DA:205,21
DA:206,21
DA:207,21
DA:208,21
DA:209,21
DA:211,261
DA:212,261
DA:213,261
DA:215,46
DA:216,46
DA:217,46
DA:223,0
DA:224,0
DA:225,0
DA:229,21
DA:230,21
DA:231,251
DA:232,251
DA:233,497
DA:234,246
DA:235,246
DA:236,251
DA:238,21
DA:239,21
DA:242,300
DA:243,300
DA:244,300
DA:245,300
DA:246,300
DA:247,300
DA:257,52
DA:258,52
DA:259,52
DA:261,303
DA:262,303
DA:263,303
DA:264,303
DA:265,303
DA:271,23
DA:272,23
DA:273,23
DA:277,21
DA:278,21
DA:279,21
DA:280,21
DA:281,21
DA:282,21
DA:283,21
DA:284,21
DA:285,21
DA:288,32
DA:289,32
DA:290,46
DA:291,14
DA:292,14
DA:293,32
DA:294,32
DA:304,5
DA:305,5
DA:306,5
DA:307,5
DA:308,5
DA:309,5
DA:313,112
DA:314,112
DA:315,55
DA:316,15
DA:317,8
DA:318,8
DA:319,4
DA:321,4
DA:322,4
DA:323,4
DA:324,4
DA:327,0
DA:328,0
DA:329,0
DA:330,0
DA:332,34
DA:333,34
DA:334,34
DA:335,34
DA:337,0
DA:338,0
DA:339,0
DA:340,0
DA:341,0
DA:342,0
DA:343,0
DA:344,0
DA:346,0
DA:348,0
DA:349,0
DA:350,0
DA:351,0
DA:353,112
DA:356,70
DA:357,70
DA:358,51
DA:359,11
DA:360,40
DA:361,19
DA:362,59
DA:363,1
DA:364,58
DA:365,58
DA:366,58
DA:367,58
DA:368,70
DA:378,105
DA:379,105
DA:380,105
DA:381,105
DA:382,105
DA:383,105
DA:384,105
DA:385,105
DA:387,462
DA:388,462
DA:389,462
DA:391,0
DA:392,0
DA:393,0
DA:395,0
DA:396,0
DA:397,0
DA:398,0
DA:399,0
DA:400,0
DA:401,0
DA:402,0
DA:403,0
DA:404,0
DA:405,0
DA:406,0
DA:407,0
DA:408,0
DA:409,0
DA:410,0
DA:412,0
DA:413,0
DA:414,0
DA:415,0
DA:416,0
DA:417,0
DA:418,0
DA:419,0
DA:421,0
DA:424,0
DA:426,0
DA:429,0
DA:430,0
DA:431,0
DA:432,0
DA:434,0
DA:435,0
DA:436,0
DA:437,0
DA:439,0
DA:441,0
DA:445,33
DA:446,33
DA:447,14
DA:448,14
DA:449,6
DA:450,6
DA:451,8
DA:452,14
DA:453,14
DA:454,14
DA:455,14
DA:457,13
DA:458,2
DA:459,2
DA:460,2
DA:461,2
DA:462,0
DA:463,0
DA:464,0
DA:466,4
DA:467,4
DA:468,4
DA:469,0
DA:470,4
DA:471,4
DA:473,0
DA:474,0
DA:475,0
DA:477,0
DA:478,0
DA:479,0
DA:480,0
DA:481,0
DA:482,0
DA:483,0
DA:488,33
DA:491,31
DA:492,31
DA:493,14
DA:494,17
DA:495,0
DA:496,0
DA:497,0
DA:498,0
DA:499,0
DA:500,0
DA:504,31
DA:507,18
DA:508,18
DA:509,18
DA:510,49
DA:511,31
DA:512,31
DA:513,21
DA:514,21
DA:516,18
DA:517,18
DA:520,18
DA:521,18
DA:522,21
DA:523,18
DA:524,18
DA:525,18
DA:528,18
DA:529,18
DA:530,13
DA:531,5
DA:532,5
DA:533,5
DA:534,5
DA:535,10
DA:536,5
DA:537,5
DA:538,5
DA:539,18
DA:542,18
DA:545,18
DA:546,18
DA:547,18
DA:548,18
DA:549,18
DA:550,18
DA:562,18
DA:563,18
DA:564,18
DA:565,18
DA:566,18
DA:567,18
DA:568,18
DA:569,18
DA:570,18
DA:571,18
DA:585,11
DA:587,11
DA:589,33
DA:590,22
DA:591,4
DA:592,4
DA:593,4
DA:594,4
DA:595,4
DA:596,4
DA:597,4
DA:598,4
DA:599,18
DA:602,33
DA:603,22
DA:604,17
DA:605,16
DA:606,7
DA:607,7
DA:608,7
DA:609,7
DA:610,7
DA:611,7
DA:612,9
DA:613,1
DA:614,5
DA:616,11
DA:617,11
BRDA:318,0,0,4
BRDA:318,0,1,4
BRDA:338,0,0,-
BRDA:338,0,1,-
BRDA:357,0,0,51
BRDA:357,0,1,19
BRDA:358,0,0,11
BRDA:358,0,1,40
BRDA:362,0,0,1
BRDA:362,0,1,58
BRDA:399,0,0,-
BRDA:399,0,1,-
BRDA:400,0,0,-
BRDA:400,0,1,-
BRDA:403,0,0,-
BRDA:403,0,1,-
BRDA:403,1,2,-
BRDA:403,1,3,-
BRDA:403,2,4,-
BRDA:403,2,5,-
BRDA:413,0,0,-
BRDA:413,0,1,-
BRDA:413,1,2,-
BRDA:413,1,3,-
BRDA:430,0,0,-
BRDA:430,0,1,-
BRDA:436,0,0,-
BRDA:436,0,1,-
BRDA:448,0,0,6
BRDA:448,0,1,8
BRDA:459,0,0,2
BRDA:459,0,1,0
BRDA:460,0,0,2
BRDA:460,0,1,0
BRDA:474,0,0,-
BRDA:474,0,1,-
BRDA:512,0,0,21
BRDA:512,0,1,10
BRDA:529,0,0,13
BRDA:529,0,1,5
BRDA:590,0,0,4
BRDA:590,0,1,18
BRDA:591,0,0,4
BRDA:591,0,1,0
BRDA:603,0,0,17
BRDA:603,0,1,5
BRDA:604,0,0,16
BRDA:604,0,1,1
BRDA:605,0,0,7
BRDA:605,0,1,9
BRF:50
BRH:25
LF:378
LH:279
end_of_record